2010-02-25 14:58:26.383559: Interpolated Alachua 2004259
	using latt=1.0 and long=1.0
	from Bronson (d=0.43) Putnam Hall (d=0.43) Citra (d=0.46)
2010-02-25 14:58:26.383830: Interpolated Alachua 2004260
	using latt=1.0 and long=1.0
	from Bronson (d=0.43) Putnam Hall (d=0.43) Citra (d=0.46)
2010-02-25 14:58:26.384077: Interpolated Alachua 2004261
	using latt=1.0 and long=1.0
	from Bronson (d=0.43) Putnam Hall (d=0.43) Citra (d=0.46)
2010-02-25 14:58:26.384326: Interpolated Alachua 2004262
	using latt=1.0 and long=1.0
	from Bronson (d=0.43) Putnam Hall (d=0.43) Citra (d=0.46)
2010-02-25 14:58:26.384573: Interpolated Alachua 2004263
	using latt=1.0 and long=1.0
	from Bronson (d=0.43) Putnam Hall (d=0.43) Citra (d=0.46)
2010-02-25 14:58:26.392159: Interpolated Alachua 2005107
	using latt=1.0 and long=1.0
	from Bronson (d=0.43) Putnam Hall (d=0.43) Citra (d=0.46)
2010-02-25 14:58:26.428590: Interpolated Alachua 2008044
	using latt=1.0 and long=1.0
	from Bronson (d=0.43) Putnam Hall (d=0.43) Citra (d=0.46)
2010-02-25 14:58:26.428844: Interpolated Alachua 2008045
	using latt=1.0 and long=1.0
	from Bronson (d=0.43) Putnam Hall (d=0.43) Citra (d=0.46)
2010-02-25 14:58:26.429099: Interpolated Alachua 2008046
	using latt=1.0 and long=1.0
	from Bronson (d=0.43) Putnam Hall (d=0.43) Citra (d=0.46)
2010-02-25 14:58:26.429350: Interpolated Alachua 2008047
	using latt=1.0 and long=1.0
	from Bronson (d=0.43) Putnam Hall (d=0.43) Citra (d=0.46)
2010-02-25 14:58:26.429604: Interpolated Alachua 2008048
	using latt=1.0 and long=1.0
	from Bronson (d=0.43) Putnam Hall (d=0.43) Citra (d=0.46)
2010-02-25 14:58:26.431413: Interpolated Alachua 2008093
	using latt=1.0 and long=1.0
	from Putnam Hall (d=0.43) Citra (d=0.46) Macclenny (d=0.55)
2010-02-25 14:58:26.431652: Interpolated Alachua 2008094
	using latt=1.0 and long=1.0
	from Putnam Hall (d=0.43) Citra (d=0.46) Macclenny (d=0.55)
2010-02-25 14:58:26.431890: Interpolated Alachua 2008095
	using latt=1.0 and long=1.0
	from Putnam Hall (d=0.43) Citra (d=0.46) Macclenny (d=0.55)
2010-02-25 14:58:26.451245: Interpolated Apopka 1998120
	using latt=1.0 and long=1.0
	from Lake Alfred (d=0.56)
2010-02-25 14:58:26.451411: Interpolated Apopka 1998121
	using latt=1.0 and long=1.0
	from Lake Alfred (d=0.56)
2010-02-25 14:58:26.451575: Interpolated Apopka 1998122
	using latt=1.0 and long=1.0
	from Lake Alfred (d=0.56)
2010-02-25 14:58:26.455148: Interpolated Apopka 1998220
	using latt=1.0 and long=1.0
	from Lake Alfred (d=0.56)
2010-02-25 14:58:26.455327: Interpolated Apopka 1998221
	using latt=1.0 and long=1.0
	from Lake Alfred (d=0.56)
2010-02-25 14:58:26.456717: Interpolated Apopka 1998256
	using latt=1.0 and long=1.0
	from Lake Alfred (d=0.56) Dover (d=0.92)
2010-02-25 14:58:26.457406: Interpolated Apopka 1998270
	using latt=1.0 and long=1.0
	from Lake Alfred (d=0.56) Pierson (d=0.58) Dover (d=0.92)
2010-02-25 14:58:26.459060: Interpolated Apopka 1998312
	using latt=1.0 and long=1.0
	from Lake Alfred (d=0.56) Pierson (d=0.58) Dover (d=0.92)
2010-02-25 14:58:26.459431: Interpolated Apopka 1998318
	using latt=1.0 and long=1.0
	from Lake Alfred (d=0.56) Dover (d=0.92)
2010-02-25 14:58:26.459617: Interpolated Apopka 1998319
	using latt=1.0 and long=1.0
	from Lake Alfred (d=0.56) Dover (d=0.92)
2010-02-25 14:58:26.464188: Interpolated Apopka 1999078
	using latt=1.0 and long=1.0
	from Avalon (d=0.18) Okahumpka (d=0.33) Lake Alfred (d=0.56)
2010-02-25 14:58:26.464404: Interpolated Apopka 1999079
	using latt=1.0 and long=1.0
	from Avalon (d=0.18) Okahumpka (d=0.33) Lake Alfred (d=0.56)
2010-02-25 14:58:26.464623: Interpolated Apopka 1999080
	using latt=1.0 and long=1.0
	from Avalon (d=0.18) Okahumpka (d=0.33) Lake Alfred (d=0.56)
2010-02-25 14:58:26.534394: Interpolated Apopka 2004231
	using latt=1.0 and long=1.0
	from Avalon (d=0.18) Umatilla (d=0.28) Okahumpka (d=0.33)
2010-02-25 14:58:26.548583: Interpolated Apopka 2005260
	using latt=1.0 and long=1.0
	from Avalon (d=0.18) Umatilla (d=0.28) Okahumpka (d=0.33)
2010-02-25 14:58:26.548839: Interpolated Apopka 2005261
	using latt=1.0 and long=1.0
	from Avalon (d=0.18) Umatilla (d=0.28) Okahumpka (d=0.33)
2010-02-25 14:58:26.580097: Interpolated Apopka 2008047
	using latt=1.0 and long=1.0
	from Avalon (d=0.18) Umatilla (d=0.28) Okahumpka (d=0.33)
2010-02-25 14:58:26.580361: Interpolated Apopka 2008048
	using latt=1.0 and long=1.0
	from Avalon (d=0.18) Umatilla (d=0.28) Okahumpka (d=0.33)
2010-02-25 14:58:26.630014: Interpolated Arcadia 2008089
	using latt=1.0 and long=1.0
	from North Port (d=0.36) Sebring (d=0.48) Palmdale (d=0.52)
2010-02-25 14:58:26.630259: Interpolated Arcadia 2008090
	using latt=1.0 and long=1.0
	from North Port (d=0.36) Sebring (d=0.48) Palmdale (d=0.52)
2010-02-25 14:58:26.630500: Interpolated Arcadia 2008091
	using latt=1.0 and long=1.0
	from North Port (d=0.36) Sebring (d=0.48) Palmdale (d=0.52)
2010-02-25 14:58:26.630741: Interpolated Arcadia 2008092
	using latt=1.0 and long=1.0
	from North Port (d=0.36) Sebring (d=0.48) Palmdale (d=0.52)
2010-02-25 14:58:26.630980: Interpolated Arcadia 2008093
	using latt=1.0 and long=1.0
	from North Port (d=0.36) Sebring (d=0.48) Palmdale (d=0.52)
2010-02-25 14:58:26.631221: Interpolated Arcadia 2008094
	using latt=1.0 and long=1.0
	from North Port (d=0.36) Sebring (d=0.48) Palmdale (d=0.52)
2010-02-25 14:58:26.631463: Interpolated Arcadia 2008095
	using latt=1.0 and long=1.0
	from North Port (d=0.36) Sebring (d=0.48) Palmdale (d=0.52)
2010-02-25 14:58:26.631703: Interpolated Arcadia 2008096
	using latt=1.0 and long=1.0
	from North Port (d=0.36) Sebring (d=0.48) Palmdale (d=0.52)
2010-02-25 14:58:26.631947: Interpolated Arcadia 2008097
	using latt=1.0 and long=1.0
	from North Port (d=0.36) Sebring (d=0.48) Palmdale (d=0.52)
2010-02-25 14:58:26.632187: Interpolated Arcadia 2008098
	using latt=1.0 and long=1.0
	from North Port (d=0.36) Sebring (d=0.48) Palmdale (d=0.52)
2010-02-25 14:58:26.632433: Interpolated Arcadia 2008099
	using latt=1.0 and long=1.0
	from North Port (d=0.36) Sebring (d=0.48) Palmdale (d=0.52)
2010-02-25 14:58:26.638268: Interpolated Arcadia 2008258
	using latt=1.0 and long=1.0
	from Ona (d=0.20) North Port (d=0.36) Sebring (d=0.48)
2010-02-25 14:58:26.735945: Interpolated Avalon 2006029
	using latt=1.0 and long=1.0
	from Apopka (d=0.18) Okahumpka (d=0.32) Lake Alfred (d=0.38)
2010-02-25 14:58:26.738863: Interpolated Avalon 2006105
	using latt=1.0 and long=1.0
	from Apopka (d=0.18) Okahumpka (d=0.32) Lake Alfred (d=0.38)
2010-02-25 14:58:26.763662: Interpolated Avalon 2008074
	using latt=1.0 and long=1.0
	from Apopka (d=0.18) Okahumpka (d=0.32) Lake Alfred (d=0.38)
2010-02-25 14:58:26.763923: Interpolated Avalon 2008075
	using latt=1.0 and long=1.0
	from Apopka (d=0.18) Okahumpka (d=0.32) Lake Alfred (d=0.38)
2010-02-25 14:58:26.764184: Interpolated Avalon 2008076
	using latt=1.0 and long=1.0
	from Apopka (d=0.18) Okahumpka (d=0.32) Lake Alfred (d=0.38)
2010-02-25 14:58:26.793330: Interpolated Balm 2005070
	using latt=1.0 and long=1.0
	from Dover (d=0.25) Ona (d=0.45) Lake Alfred (d=0.61)
2010-02-25 14:58:26.793585: Interpolated Balm 2005071
	using latt=1.0 and long=1.0
	from Dover (d=0.25) Ona (d=0.45) Lake Alfred (d=0.61)
2010-02-25 14:58:26.793832: Interpolated Balm 2005072
	using latt=1.0 and long=1.0
	from Dover (d=0.25) Ona (d=0.45) Lake Alfred (d=0.61)
2010-02-25 14:58:26.833228: Interpolated Balm 2008089
	using latt=1.0 and long=1.0
	from North Port (d=0.61) Lake Alfred (d=0.61) Frostproof (d=0.68)
2010-02-25 14:58:26.833477: Interpolated Balm 2008090
	using latt=1.0 and long=1.0
	from North Port (d=0.61) Lake Alfred (d=0.61) Frostproof (d=0.68)
2010-02-25 14:58:26.833725: Interpolated Balm 2008091
	using latt=1.0 and long=1.0
	from North Port (d=0.61) Lake Alfred (d=0.61) Frostproof (d=0.68)
2010-02-25 14:58:26.833970: Interpolated Balm 2008092
	using latt=1.0 and long=1.0
	from North Port (d=0.61) Lake Alfred (d=0.61) Frostproof (d=0.68)
2010-02-25 14:58:26.834215: Interpolated Balm 2008093
	using latt=1.0 and long=1.0
	from North Port (d=0.61) Lake Alfred (d=0.61) Frostproof (d=0.68)
2010-02-25 14:58:26.834514: Interpolated Balm 2008094
	using latt=1.0 and long=1.0
	from North Port (d=0.61) Lake Alfred (d=0.61) Frostproof (d=0.68)
2010-02-25 14:58:26.834811: Interpolated Balm 2008095
	using latt=1.0 and long=1.0
	from North Port (d=0.61) Lake Alfred (d=0.61) Frostproof (d=0.68)
2010-02-25 14:58:26.835056: Interpolated Balm 2008096
	using latt=1.0 and long=1.0
	from North Port (d=0.61) Lake Alfred (d=0.61) Frostproof (d=0.68)
2010-02-25 14:58:26.835304: Interpolated Balm 2008097
	using latt=1.0 and long=1.0
	from North Port (d=0.61) Lake Alfred (d=0.61) Frostproof (d=0.68)
2010-02-25 14:58:26.835549: Interpolated Balm 2008098
	using latt=1.0 and long=1.0
	from North Port (d=0.61) Lake Alfred (d=0.61) Frostproof (d=0.68)
2010-02-25 14:58:26.835799: Interpolated Balm 2008099
	using latt=1.0 and long=1.0
	from North Port (d=0.61) Lake Alfred (d=0.61) Frostproof (d=0.68)
2010-02-25 14:58:26.851066: Interpolated Belle Glade 2005116
	using latt=1.0 and long=1.0
	from Fort Lauderdale (d=0.69) Fort Pierce (d=0.79) Palmdale (d=0.81)
2010-02-25 14:58:26.857681: Interpolated Belle Glade 2005298
	using latt=1.0 and long=1.0
	from Fort Lauderdale (d=0.69) Fort Pierce (d=0.79) Palmdale (d=0.81)
2010-02-25 14:58:26.857913: Interpolated Belle Glade 2005299
	using latt=1.0 and long=1.0
	from Fort Lauderdale (d=0.69) Fort Pierce (d=0.79) Palmdale (d=0.81)
2010-02-25 14:58:26.858148: Interpolated Belle Glade 2005300
	using latt=1.0 and long=1.0
	from Fort Lauderdale (d=0.69) Fort Pierce (d=0.79) Palmdale (d=0.81)
2010-02-25 14:58:26.858377: Interpolated Belle Glade 2005301
	using latt=1.0 and long=1.0
	from Fort Lauderdale (d=0.69) Fort Pierce (d=0.79) Palmdale (d=0.81)
2010-02-25 14:58:26.858609: Interpolated Belle Glade 2005302
	using latt=1.0 and long=1.0
	from Fort Lauderdale (d=0.69) Fort Pierce (d=0.79) Palmdale (d=0.81)
2010-02-25 14:58:26.858841: Interpolated Belle Glade 2005303
	using latt=1.0 and long=1.0
	from Fort Lauderdale (d=0.69) Fort Pierce (d=0.79) Palmdale (d=0.81)
2010-02-25 14:58:26.859073: Interpolated Belle Glade 2005304
	using latt=1.0 and long=1.0
	from Fort Lauderdale (d=0.69) Fort Pierce (d=0.79) Palmdale (d=0.81)
2010-02-25 14:58:26.859306: Interpolated Belle Glade 2005305
	using latt=1.0 and long=1.0
	from Fort Lauderdale (d=0.69) Fort Pierce (d=0.79) Palmdale (d=0.81)
2010-02-25 14:58:26.859536: Interpolated Belle Glade 2005306
	using latt=1.0 and long=1.0
	from Fort Lauderdale (d=0.69) Fort Pierce (d=0.79) Palmdale (d=0.81)
2010-02-25 14:58:26.859768: Interpolated Belle Glade 2005307
	using latt=1.0 and long=1.0
	from Fort Lauderdale (d=0.69) Fort Pierce (d=0.79) Palmdale (d=0.81)
2010-02-25 14:58:26.860000: Interpolated Belle Glade 2005308
	using latt=1.0 and long=1.0
	from Fort Lauderdale (d=0.69) Fort Pierce (d=0.79) Palmdale (d=0.81)
2010-02-25 14:58:26.860230: Interpolated Belle Glade 2005309
	using latt=1.0 and long=1.0
	from Fort Lauderdale (d=0.69) Fort Pierce (d=0.79) Palmdale (d=0.81)
2010-02-25 14:58:26.860464: Interpolated Belle Glade 2005310
	using latt=1.0 and long=1.0
	from Fort Lauderdale (d=0.69) Fort Pierce (d=0.79) Palmdale (d=0.81)
2010-02-25 14:58:26.860694: Interpolated Belle Glade 2005311
	using latt=1.0 and long=1.0
	from Fort Lauderdale (d=0.69) Fort Pierce (d=0.79) Palmdale (d=0.81)
2010-02-25 14:58:26.860925: Interpolated Belle Glade 2005312
	using latt=1.0 and long=1.0
	from Fort Lauderdale (d=0.69) Fort Pierce (d=0.79) Palmdale (d=0.81)
2010-02-25 14:58:26.891155: Interpolated Belle Glade 2008074
	using latt=1.0 and long=1.0
	from Clewiston (d=0.42) Fort Lauderdale (d=0.69) Palmdale (d=0.81)
2010-02-25 14:58:26.891392: Interpolated Belle Glade 2008075
	using latt=1.0 and long=1.0
	from Clewiston (d=0.42) Fort Lauderdale (d=0.69) Palmdale (d=0.81)
2010-02-25 14:58:26.891629: Interpolated Belle Glade 2008076
	using latt=1.0 and long=1.0
	from Clewiston (d=0.42) Fort Lauderdale (d=0.69) Palmdale (d=0.81)
2010-02-25 14:58:26.891872: Interpolated Belle Glade 2008077
	using latt=1.0 and long=1.0
	from Clewiston (d=0.42) Fort Lauderdale (d=0.69) Fort Pierce (d=0.79)
2010-02-25 14:58:26.976156: Interpolated Bronson 2008089
	using latt=1.0 and long=1.0
	from Citra (d=0.41) Alachua (d=0.43) Putnam Hall (d=0.67)
2010-02-25 14:58:26.976439: Interpolated Bronson 2008090
	using latt=1.0 and long=1.0
	from Citra (d=0.41) Alachua (d=0.43) Putnam Hall (d=0.67)
2010-02-25 14:58:26.976683: Interpolated Bronson 2008091
	using latt=1.0 and long=1.0
	from Citra (d=0.41) Alachua (d=0.43) Putnam Hall (d=0.67)
2010-02-25 14:58:26.976926: Interpolated Bronson 2008092
	using latt=1.0 and long=1.0
	from Citra (d=0.41) Alachua (d=0.43) Putnam Hall (d=0.67)
2010-02-25 14:58:26.977168: Interpolated Bronson 2008093
	using latt=1.0 and long=1.0
	from Citra (d=0.41) Putnam Hall (d=0.67) Ocklawaha (d=0.72)
2010-02-25 14:58:26.977407: Interpolated Bronson 2008094
	using latt=1.0 and long=1.0
	from Citra (d=0.41) Putnam Hall (d=0.67) Ocklawaha (d=0.72)
2010-02-25 14:58:26.977647: Interpolated Bronson 2008095
	using latt=1.0 and long=1.0
	from Citra (d=0.41) Putnam Hall (d=0.67) Ocklawaha (d=0.72)
2010-02-25 14:58:26.977890: Interpolated Bronson 2008096
	using latt=1.0 and long=1.0
	from Citra (d=0.41) Alachua (d=0.43) Putnam Hall (d=0.67)
2010-02-25 14:58:26.978150: Interpolated Bronson 2008097
	using latt=1.0 and long=1.0
	from Citra (d=0.41) Alachua (d=0.43) Putnam Hall (d=0.67)
2010-02-25 14:58:26.978393: Interpolated Bronson 2008098
	using latt=1.0 and long=1.0
	from Citra (d=0.41) Alachua (d=0.43) Putnam Hall (d=0.67)
2010-02-25 14:58:26.978639: Interpolated Bronson 2008099
	using latt=1.0 and long=1.0
	from Citra (d=0.41) Alachua (d=0.43) Putnam Hall (d=0.67)
2010-02-25 14:58:27.024910: Interpolated Brooksville 2002283
	using latt=1.0 and long=1.0
	from Okahumpka (d=0.40) Dover (d=0.62) Avalon (d=0.66)
2010-02-25 14:58:27.061788: Interpolated Brooksville 2005233
	using latt=1.0 and long=1.0
	from Okahumpka (d=0.40) Ocklawaha (d=0.49) Dover (d=0.62)
2010-02-25 14:58:27.128812: Interpolated Carrabelle 2004277
	using latt=1.0 and long=1.0
	from Quincy (d=0.70) Monticello (d=1.04)
2010-02-25 14:58:27.134501: Interpolated Carrabelle 2005068
	using latt=1.0 and long=1.0
	from Quincy (d=0.70) Monticello (d=1.04)
2010-02-25 14:58:27.134703: Interpolated Carrabelle 2005069
	using latt=1.0 and long=1.0
	from Quincy (d=0.70) Monticello (d=1.04)
2010-02-25 14:58:27.135163: Interpolated Carrabelle 2005077
	using latt=1.0 and long=1.0
	from Quincy (d=0.70) Monticello (d=1.04)
2010-02-25 14:58:27.135367: Interpolated Carrabelle 2005078
	using latt=1.0 and long=1.0
	from Quincy (d=0.70) Monticello (d=1.04)
2010-02-25 14:58:27.135566: Interpolated Carrabelle 2005079
	using latt=1.0 and long=1.0
	from Quincy (d=0.70) Monticello (d=1.04)
2010-02-25 14:58:27.135769: Interpolated Carrabelle 2005080
	using latt=1.0 and long=1.0
	from Quincy (d=0.70) Monticello (d=1.04)
2010-02-25 14:58:27.135969: Interpolated Carrabelle 2005081
	using latt=1.0 and long=1.0
	from Quincy (d=0.70) Monticello (d=1.04)
2010-02-25 14:58:27.137062: Interpolated Carrabelle 2005107
	using latt=1.0 and long=1.0
	from Quincy (d=0.70) Monticello (d=1.04)
2010-02-25 14:58:27.141858: Interpolated Carrabelle 2005239
	using latt=1.0 and long=1.0
	from Quincy (d=0.70) Monticello (d=1.04)
2010-02-25 14:58:27.142064: Interpolated Carrabelle 2005240
	using latt=1.0 and long=1.0
	from Quincy (d=0.70) Monticello (d=1.04)
2010-02-25 14:58:27.142264: Interpolated Carrabelle 2005241
	using latt=1.0 and long=1.0
	from Quincy (d=0.70) Monticello (d=1.04)
2010-02-25 14:58:27.142464: Interpolated Carrabelle 2005242
	using latt=1.0 and long=1.0
	from Quincy (d=0.70) Monticello (d=1.04)
2010-02-25 14:58:27.142663: Interpolated Carrabelle 2005243
	using latt=1.0 and long=1.0
	from Quincy (d=0.70) Monticello (d=1.04)
2010-02-25 14:58:27.142865: Interpolated Carrabelle 2005244
	using latt=1.0 and long=1.0
	from Quincy (d=0.70) Monticello (d=1.04)
2010-02-25 14:58:27.143065: Interpolated Carrabelle 2005245
	using latt=1.0 and long=1.0
	from Quincy (d=0.70) Monticello (d=1.04)
2010-02-25 14:58:27.143265: Interpolated Carrabelle 2005246
	using latt=1.0 and long=1.0
	from Quincy (d=0.70) Monticello (d=1.04)
2010-02-25 14:58:27.143467: Interpolated Carrabelle 2005247
	using latt=1.0 and long=1.0
	from Quincy (d=0.70) Monticello (d=1.04)
2010-02-25 14:58:27.143709: Interpolated Carrabelle 2005248
	using latt=1.0 and long=1.0
	from Quincy (d=0.70) Monticello (d=1.04)
2010-02-25 14:58:27.149981: Interpolated Carrabelle 2006055
	using latt=1.0 and long=1.0
	from Quincy (d=0.70) Monticello (d=1.04)
2010-02-25 14:58:27.156848: Interpolated Carrabelle 2006245
	using latt=1.0 and long=1.0
	from Quincy (d=0.70) Monticello (d=1.04)
2010-02-25 14:58:27.157056: Interpolated Carrabelle 2006246
	using latt=1.0 and long=1.0
	from Quincy (d=0.70) Monticello (d=1.04)
2010-02-25 14:58:27.157257: Interpolated Carrabelle 2006247
	using latt=1.0 and long=1.0
	from Quincy (d=0.70) Monticello (d=1.04)
2010-02-25 14:58:27.157459: Interpolated Carrabelle 2006248
	using latt=1.0 and long=1.0
	from Quincy (d=0.70) Monticello (d=1.04)
2010-02-25 14:58:27.164097: Interpolated Carrabelle 2007067
	using latt=1.0 and long=1.0
	from Quincy (d=0.70) Monticello (d=1.04)
2010-02-25 14:58:27.164306: Interpolated Carrabelle 2007068
	using latt=1.0 and long=1.0
	from Quincy (d=0.70) Monticello (d=1.04)
2010-02-25 14:58:27.164520: Interpolated Carrabelle 2007069
	using latt=1.0 and long=1.0
	from Quincy (d=0.70) Monticello (d=1.04)
2010-02-25 14:58:27.164726: Interpolated Carrabelle 2007070
	using latt=1.0 and long=1.0
	from Quincy (d=0.70) Monticello (d=1.04)
2010-02-25 14:58:27.169746: Interpolated Carrabelle 2007208
	using latt=1.0 and long=1.0
	from Quincy (d=0.70) Monticello (d=1.04)
2010-02-25 14:58:27.169952: Interpolated Carrabelle 2007209
	using latt=1.0 and long=1.0
	from Quincy (d=0.70) Monticello (d=1.04)
2010-02-25 14:58:27.170157: Interpolated Carrabelle 2007210
	using latt=1.0 and long=1.0
	from Quincy (d=0.70) Monticello (d=1.04)
2010-02-25 14:58:27.170359: Interpolated Carrabelle 2007211
	using latt=1.0 and long=1.0
	from Quincy (d=0.70) Monticello (d=1.04)
2010-02-25 14:58:27.170559: Interpolated Carrabelle 2007212
	using latt=1.0 and long=1.0
	from Quincy (d=0.70) Monticello (d=1.04)
2010-02-25 14:58:27.173382: Interpolated Carrabelle 2007287
	using latt=1.0 and long=1.0
	from Quincy (d=0.70) Monticello (d=1.04)
2010-02-25 14:58:27.173629: Interpolated Carrabelle 2007289
	using latt=1.0 and long=1.0
	from Quincy (d=0.70) Monticello (d=1.04)
2010-02-25 14:58:27.173837: Interpolated Carrabelle 2007290
	using latt=1.0 and long=1.0
	from Quincy (d=0.70) Monticello (d=1.04)
2010-02-25 14:58:27.174040: Interpolated Carrabelle 2007291
	using latt=1.0 and long=1.0
	from Quincy (d=0.70) Monticello (d=1.04)
2010-02-25 14:58:27.174244: Interpolated Carrabelle 2007292
	using latt=1.0 and long=1.0
	from Quincy (d=0.70) Monticello (d=1.04)
2010-02-25 14:58:27.174447: Interpolated Carrabelle 2007293
	using latt=1.0 and long=1.0
	from Quincy (d=0.70) Monticello (d=1.04)
2010-02-25 14:58:27.174660: Interpolated Carrabelle 2007294
	using latt=1.0 and long=1.0
	from Quincy (d=0.70) Monticello (d=1.04)
2010-02-25 14:58:27.174863: Interpolated Carrabelle 2007295
	using latt=1.0 and long=1.0
	from Quincy (d=0.70) Monticello (d=1.04)
2010-02-25 14:58:27.175067: Interpolated Carrabelle 2007296
	using latt=1.0 and long=1.0
	from Quincy (d=0.70) Monticello (d=1.04)
2010-02-25 14:58:27.175271: Interpolated Carrabelle 2007297
	using latt=1.0 and long=1.0
	from Quincy (d=0.70) Monticello (d=1.04)
2010-02-25 14:58:27.175472: Interpolated Carrabelle 2007298
	using latt=1.0 and long=1.0
	from Quincy (d=0.70) Monticello (d=1.04)
2010-02-25 14:58:27.175674: Interpolated Carrabelle 2007299
	using latt=1.0 and long=1.0
	from Quincy (d=0.70) Monticello (d=1.04)
2010-02-25 14:58:27.175882: Interpolated Carrabelle 2007300
	using latt=1.0 and long=1.0
	from Quincy (d=0.70) Monticello (d=1.04)
2010-02-25 14:58:27.176088: Interpolated Carrabelle 2007301
	using latt=1.0 and long=1.0
	from Quincy (d=0.70) Monticello (d=1.04)
2010-02-25 14:58:27.176291: Interpolated Carrabelle 2007302
	using latt=1.0 and long=1.0
	from Quincy (d=0.70) Monticello (d=1.04)
2010-02-25 14:58:27.176493: Interpolated Carrabelle 2007303
	using latt=1.0 and long=1.0
	from Quincy (d=0.70) Monticello (d=1.04)
2010-02-25 14:58:27.176725: Interpolated Carrabelle 2007304
	using latt=1.0 and long=1.0
	from Quincy (d=0.70) Monticello (d=1.04)
2010-02-25 14:58:27.176926: Interpolated Carrabelle 2007305
	using latt=1.0 and long=1.0
	from Quincy (d=0.70) Monticello (d=1.04)
2010-02-25 14:58:27.177128: Interpolated Carrabelle 2007306
	using latt=1.0 and long=1.0
	from Quincy (d=0.70) Monticello (d=1.04)
2010-02-25 14:58:27.177330: Interpolated Carrabelle 2007307
	using latt=1.0 and long=1.0
	from Quincy (d=0.70) Monticello (d=1.04)
2010-02-25 14:58:27.177536: Interpolated Carrabelle 2007308
	using latt=1.0 and long=1.0
	from Quincy (d=0.70) Monticello (d=1.04)
2010-02-25 14:58:27.177741: Interpolated Carrabelle 2007309
	using latt=1.0 and long=1.0
	from Quincy (d=0.70) Monticello (d=1.04)
2010-02-25 14:58:27.177945: Interpolated Carrabelle 2007310
	using latt=1.0 and long=1.0
	from Quincy (d=0.70) Monticello (d=1.04)
2010-02-25 14:58:27.178149: Interpolated Carrabelle 2007311
	using latt=1.0 and long=1.0
	from Quincy (d=0.70) Monticello (d=1.04)
2010-02-25 14:58:27.178350: Interpolated Carrabelle 2007312
	using latt=1.0 and long=1.0
	from Quincy (d=0.70) Monticello (d=1.04)
2010-02-25 14:58:27.178556: Interpolated Carrabelle 2007313
	using latt=1.0 and long=1.0
	from Quincy (d=0.70) Monticello (d=1.04)
2010-02-25 14:58:27.178758: Interpolated Carrabelle 2007314
	using latt=1.0 and long=1.0
	from Quincy (d=0.70) Monticello (d=1.04)
2010-02-25 14:58:27.178960: Interpolated Carrabelle 2007315
	using latt=1.0 and long=1.0
	from Quincy (d=0.70) Monticello (d=1.04)
2010-02-25 14:58:27.179163: Interpolated Carrabelle 2007316
	using latt=1.0 and long=1.0
	from Quincy (d=0.70) Monticello (d=1.04)
2010-02-25 14:58:27.179366: Interpolated Carrabelle 2007317
	using latt=1.0 and long=1.0
	from Quincy (d=0.70) Monticello (d=1.04)
2010-02-25 14:58:27.179573: Interpolated Carrabelle 2007318
	using latt=1.0 and long=1.0
	from Quincy (d=0.70) Monticello (d=1.04)
2010-02-25 14:58:27.179778: Interpolated Carrabelle 2007319
	using latt=1.0 and long=1.0
	from Quincy (d=0.70) Monticello (d=1.04)
2010-02-25 14:58:27.179987: Interpolated Carrabelle 2007320
	using latt=1.0 and long=1.0
	from Quincy (d=0.70) Monticello (d=1.04)
2010-02-25 14:58:27.180195: Interpolated Carrabelle 2007321
	using latt=1.0 and long=1.0
	from Quincy (d=0.70) Monticello (d=1.04)
2010-02-25 14:58:27.180408: Interpolated Carrabelle 2007322
	using latt=1.0 and long=1.0
	from Quincy (d=0.70) Monticello (d=1.04)
2010-02-25 14:58:27.180609: Interpolated Carrabelle 2007323
	using latt=1.0 and long=1.0
	from Quincy (d=0.70) Monticello (d=1.04)
2010-02-25 14:58:27.180810: Interpolated Carrabelle 2007324
	using latt=1.0 and long=1.0
	from Quincy (d=0.70) Monticello (d=1.04)
2010-02-25 14:58:27.181011: Interpolated Carrabelle 2007325
	using latt=1.0 and long=1.0
	from Quincy (d=0.70) Monticello (d=1.04)
2010-02-25 14:58:27.181215: Interpolated Carrabelle 2007326
	using latt=1.0 and long=1.0
	from Quincy (d=0.70) Monticello (d=1.04)
2010-02-25 14:58:27.181418: Interpolated Carrabelle 2007327
	using latt=1.0 and long=1.0
	from Quincy (d=0.70) Monticello (d=1.04)
2010-02-25 14:58:27.181626: Interpolated Carrabelle 2007328
	using latt=1.0 and long=1.0
	from Quincy (d=0.70) Monticello (d=1.04)
2010-02-25 14:58:27.181831: Interpolated Carrabelle 2007329
	using latt=1.0 and long=1.0
	from Quincy (d=0.70) Monticello (d=1.04)
2010-02-25 14:58:27.182036: Interpolated Carrabelle 2007330
	using latt=1.0 and long=1.0
	from Quincy (d=0.70) Monticello (d=1.04)
2010-02-25 14:58:27.182238: Interpolated Carrabelle 2007331
	using latt=1.0 and long=1.0
	from Quincy (d=0.70) Monticello (d=1.04)
2010-02-25 14:58:27.182440: Interpolated Carrabelle 2007332
	using latt=1.0 and long=1.0
	from Quincy (d=0.70) Monticello (d=1.04)
2010-02-25 14:58:27.182642: Interpolated Carrabelle 2007333
	using latt=1.0 and long=1.0
	from Quincy (d=0.70) Monticello (d=1.04)
2010-02-25 14:58:27.182844: Interpolated Carrabelle 2007334
	using latt=1.0 and long=1.0
	from Quincy (d=0.70) Monticello (d=1.04)
2010-02-25 14:58:27.183047: Interpolated Carrabelle 2007335
	using latt=1.0 and long=1.0
	from Quincy (d=0.70) Monticello (d=1.04)
2010-02-25 14:58:27.183275: Interpolated Carrabelle 2007336
	using latt=1.0 and long=1.0
	from Quincy (d=0.70) Monticello (d=1.04)
2010-02-25 14:58:27.183477: Interpolated Carrabelle 2007337
	using latt=1.0 and long=1.0
	from Quincy (d=0.70) Monticello (d=1.04)
2010-02-25 14:58:27.183680: Interpolated Carrabelle 2007338
	using latt=1.0 and long=1.0
	from Quincy (d=0.70) Monticello (d=1.04)
2010-02-25 14:58:27.183883: Interpolated Carrabelle 2007339
	using latt=1.0 and long=1.0
	from Quincy (d=0.70) Monticello (d=1.04)
2010-02-25 14:58:27.184094: Interpolated Carrabelle 2007340
	using latt=1.0 and long=1.0
	from Quincy (d=0.70) Monticello (d=1.04)
2010-02-25 14:58:27.184296: Interpolated Carrabelle 2007341
	using latt=1.0 and long=1.0
	from Quincy (d=0.70) Monticello (d=1.04)
2010-02-25 14:58:27.184508: Interpolated Carrabelle 2007342
	using latt=1.0 and long=1.0
	from Quincy (d=0.70) Monticello (d=1.04)
2010-02-25 14:58:27.184712: Interpolated Carrabelle 2007343
	using latt=1.0 and long=1.0
	from Quincy (d=0.70) Monticello (d=1.04)
2010-02-25 14:58:27.184916: Interpolated Carrabelle 2007344
	using latt=1.0 and long=1.0
	from Quincy (d=0.70) Monticello (d=1.04)
2010-02-25 14:58:27.185118: Interpolated Carrabelle 2007345
	using latt=1.0 and long=1.0
	from Quincy (d=0.70) Monticello (d=1.04)
2010-02-25 14:58:27.305128: Interpolated Citra 2008271
	using latt=1.0 and long=1.0
	from Putnam Hall (d=0.34) Bronson (d=0.41) Ocklawaha (d=0.43)
2010-02-25 14:58:27.305397: Interpolated Citra 2008272
	using latt=1.0 and long=1.0
	from Putnam Hall (d=0.34) Bronson (d=0.41) Ocklawaha (d=0.43)
2010-02-25 14:58:27.332314: Interpolated Dover 1998203
	using latt=1.0 and long=1.0
	from Lake Alfred (d=0.52) Apopka (d=0.92)
2010-02-25 14:58:27.332502: Interpolated Dover 1998204
	using latt=1.0 and long=1.0
	from Lake Alfred (d=0.52) Apopka (d=0.92)
2010-02-25 14:58:27.332686: Interpolated Dover 1998205
	using latt=1.0 and long=1.0
	from Lake Alfred (d=0.52) Apopka (d=0.92)
2010-02-25 14:58:27.332868: Interpolated Dover 1998206
	using latt=1.0 and long=1.0
	from Lake Alfred (d=0.52) Apopka (d=0.92)
2010-02-25 14:58:27.333054: Interpolated Dover 1998207
	using latt=1.0 and long=1.0
	from Lake Alfred (d=0.52) Apopka (d=0.92)
2010-02-25 14:58:27.333262: Interpolated Dover 1998208
	using latt=1.0 and long=1.0
	from Lake Alfred (d=0.52) Ona (d=0.68) Apopka (d=0.92)
2010-02-25 14:58:27.333467: Interpolated Dover 1998209
	using latt=1.0 and long=1.0
	from Lake Alfred (d=0.52) Ona (d=0.68) Apopka (d=0.92)
2010-02-25 14:58:27.333679: Interpolated Dover 1998210
	using latt=1.0 and long=1.0
	from Lake Alfred (d=0.52) Ona (d=0.68) Apopka (d=0.92)
2010-02-25 14:58:27.333886: Interpolated Dover 1998211
	using latt=1.0 and long=1.0
	from Lake Alfred (d=0.52) Ona (d=0.68) Apopka (d=0.92)
2010-02-25 14:58:27.334094: Interpolated Dover 1998212
	using latt=1.0 and long=1.0
	from Lake Alfred (d=0.52) Ona (d=0.68) Apopka (d=0.92)
2010-02-25 14:58:27.334303: Interpolated Dover 1998213
	using latt=1.0 and long=1.0
	from Lake Alfred (d=0.52) Ona (d=0.68) Apopka (d=0.92)
2010-02-25 14:58:27.334517: Interpolated Dover 1998214
	using latt=1.0 and long=1.0
	from Lake Alfred (d=0.52) Ona (d=0.68) Apopka (d=0.92)
2010-02-25 14:58:27.334725: Interpolated Dover 1998215
	using latt=1.0 and long=1.0
	from Lake Alfred (d=0.52) Ona (d=0.68) Apopka (d=0.92)
2010-02-25 14:58:27.334937: Interpolated Dover 1998216
	using latt=1.0 and long=1.0
	from Lake Alfred (d=0.52) Ona (d=0.68) Apopka (d=0.92)
2010-02-25 14:58:27.335144: Interpolated Dover 1998217
	using latt=1.0 and long=1.0
	from Lake Alfred (d=0.52) Ona (d=0.68) Apopka (d=0.92)
2010-02-25 14:58:27.335354: Interpolated Dover 1998218
	using latt=1.0 and long=1.0
	from Lake Alfred (d=0.52) Ona (d=0.68) Apopka (d=0.92)
2010-02-25 14:58:27.335558: Interpolated Dover 1998219
	using latt=1.0 and long=1.0
	from Lake Alfred (d=0.52) Ona (d=0.68) Apopka (d=0.92)
2010-02-25 14:58:27.335747: Interpolated Dover 1998220
	using latt=1.0 and long=1.0
	from Lake Alfred (d=0.52) Ona (d=0.68)
2010-02-25 14:58:27.335981: Interpolated Dover 1998221
	using latt=1.0 and long=1.0
	from Lake Alfred (d=0.52) Ona (d=0.68)
2010-02-25 14:58:27.336189: Interpolated Dover 1998222
	using latt=1.0 and long=1.0
	from Lake Alfred (d=0.52) Ona (d=0.68) Apopka (d=0.92)
2010-02-25 14:58:27.336397: Interpolated Dover 1998223
	using latt=1.0 and long=1.0
	from Lake Alfred (d=0.52) Ona (d=0.68) Apopka (d=0.92)
2010-02-25 14:58:27.336607: Interpolated Dover 1998224
	using latt=1.0 and long=1.0
	from Lake Alfred (d=0.52) Ona (d=0.68) Apopka (d=0.92)
2010-02-25 14:58:27.336813: Interpolated Dover 1998225
	using latt=1.0 and long=1.0
	from Lake Alfred (d=0.52) Ona (d=0.68) Apopka (d=0.92)
2010-02-25 14:58:27.362679: Interpolated Dover 2000226
	using latt=1.0 and long=1.0
	from Lake Alfred (d=0.52) Brooksville (d=0.62) Ona (d=0.68)
2010-02-25 14:58:27.415039: Interpolated Dover 2004255
	using latt=1.0 and long=1.0
	from Balm (d=0.25) Lake Alfred (d=0.52) Brooksville (d=0.62)
2010-02-25 14:58:27.437856: Interpolated Dover 2006169
	using latt=1.0 and long=1.0
	from Balm (d=0.25) Lake Alfred (d=0.52) Brooksville (d=0.62)
2010-02-25 14:58:27.460850: Interpolated Dover 2008089
	using latt=1.0 and long=1.0
	from Lake Alfred (d=0.52) Brooksville (d=0.62) Frostproof (d=0.73)
2010-02-25 14:58:27.461098: Interpolated Dover 2008090
	using latt=1.0 and long=1.0
	from Lake Alfred (d=0.52) Brooksville (d=0.62) Frostproof (d=0.73)
2010-02-25 14:58:27.461343: Interpolated Dover 2008091
	using latt=1.0 and long=1.0
	from Lake Alfred (d=0.52) Brooksville (d=0.62) Frostproof (d=0.73)
2010-02-25 14:58:27.461589: Interpolated Dover 2008092
	using latt=1.0 and long=1.0
	from Lake Alfred (d=0.52) Brooksville (d=0.62) Frostproof (d=0.73)
2010-02-25 14:58:27.461834: Interpolated Dover 2008093
	using latt=1.0 and long=1.0
	from Lake Alfred (d=0.52) Brooksville (d=0.62) Frostproof (d=0.73)
2010-02-25 14:58:27.462077: Interpolated Dover 2008094
	using latt=1.0 and long=1.0
	from Lake Alfred (d=0.52) Brooksville (d=0.62) Frostproof (d=0.73)
2010-02-25 14:58:27.462321: Interpolated Dover 2008095
	using latt=1.0 and long=1.0
	from Lake Alfred (d=0.52) Brooksville (d=0.62) Frostproof (d=0.73)
2010-02-25 14:58:27.462563: Interpolated Dover 2008096
	using latt=1.0 and long=1.0
	from Lake Alfred (d=0.52) Brooksville (d=0.62) Frostproof (d=0.73)
2010-02-25 14:58:27.462808: Interpolated Dover 2008097
	using latt=1.0 and long=1.0
	from Lake Alfred (d=0.52) Brooksville (d=0.62) Frostproof (d=0.73)
2010-02-25 14:58:27.463054: Interpolated Dover 2008098
	using latt=1.0 and long=1.0
	from Lake Alfred (d=0.52) Brooksville (d=0.62) Frostproof (d=0.73)
2010-02-25 14:58:27.463302: Interpolated Dover 2008099
	using latt=1.0 and long=1.0
	from Lake Alfred (d=0.52) Brooksville (d=0.62) Frostproof (d=0.73)
2010-02-25 14:58:27.466607: Interpolated Dover 2008186
	using latt=1.0 and long=1.0
	from Balm (d=0.25) Lake Alfred (d=0.52) Brooksville (d=0.62)
2010-02-25 14:58:27.466868: Interpolated Dover 2008187
	using latt=1.0 and long=1.0
	from Balm (d=0.25) Lake Alfred (d=0.52) Brooksville (d=0.62)
2010-02-25 14:58:27.467129: Interpolated Dover 2008188
	using latt=1.0 and long=1.0
	from Balm (d=0.25) Lake Alfred (d=0.52) Brooksville (d=0.62)
2010-02-25 14:58:27.467387: Interpolated Dover 2008189
	using latt=1.0 and long=1.0
	from Balm (d=0.25) Lake Alfred (d=0.52) Brooksville (d=0.62)
2010-02-25 14:58:27.468049: Interpolated Dover 2008201
	using latt=1.0 and long=1.0
	from Balm (d=0.25) Lake Alfred (d=0.52) Brooksville (d=0.62)
2010-02-25 14:58:27.468308: Interpolated Dover 2008202
	using latt=1.0 and long=1.0
	from Balm (d=0.25) Lake Alfred (d=0.52) Brooksville (d=0.62)
2010-02-25 14:58:27.468567: Interpolated Dover 2008203
	using latt=1.0 and long=1.0
	from Balm (d=0.25) Lake Alfred (d=0.52) Brooksville (d=0.62)
2010-02-25 14:58:27.468829: Interpolated Dover 2008204
	using latt=1.0 and long=1.0
	from Balm (d=0.25) Lake Alfred (d=0.52) Brooksville (d=0.62)
2010-02-25 14:58:27.469090: Interpolated Dover 2008205
	using latt=1.0 and long=1.0
	from Balm (d=0.25) Lake Alfred (d=0.52) Brooksville (d=0.62)
2010-02-25 14:58:27.469397: Interpolated Dover 2008206
	using latt=1.0 and long=1.0
	from Balm (d=0.25) Lake Alfred (d=0.52) Brooksville (d=0.62)
2010-02-25 14:58:27.469662: Interpolated Dover 2008207
	using latt=1.0 and long=1.0
	from Balm (d=0.25) Lake Alfred (d=0.52) Brooksville (d=0.62)
2010-02-25 14:58:27.469922: Interpolated Dover 2008208
	using latt=1.0 and long=1.0
	from Balm (d=0.25) Lake Alfred (d=0.52) Brooksville (d=0.62)
2010-02-25 14:58:27.470179: Interpolated Dover 2008209
	using latt=1.0 and long=1.0
	from Balm (d=0.25) Lake Alfred (d=0.52) Brooksville (d=0.62)
2010-02-25 14:58:27.501585: Interpolated Fort Lauderdale 2002283
	using latt=1.0 and long=1.0
	from Homestead (d=0.63)
2010-02-25 14:58:27.507811: Interpolated Fort Lauderdale 2003089
	using latt=1.0 and long=1.0
	from Homestead (d=0.63)
2010-02-25 14:58:27.655810: Interpolated Fort Pierce 2003129
	using latt=1.0 and long=1.0
	from Kenansville (d=0.84)
2010-02-25 14:58:27.655998: Interpolated Fort Pierce 2003130
	using latt=1.0 and long=1.0
	from Kenansville (d=0.84)
2010-02-25 14:58:27.656175: Interpolated Fort Pierce 2003131
	using latt=1.0 and long=1.0
	from Kenansville (d=0.84)
2010-02-25 14:58:27.656352: Interpolated Fort Pierce 2003132
	using latt=1.0 and long=1.0
	from Kenansville (d=0.84)
2010-02-25 14:58:27.672753: Interpolated Fort Pierce 2004231
	using latt=1.0 and long=1.0
	from Kenansville (d=0.84)
2010-02-25 14:58:27.718876: Interpolated Fort Pierce 2008074
	using latt=1.0 and long=1.0
	from Clewiston (d=0.94)
2010-02-25 14:58:27.719084: Interpolated Fort Pierce 2008075
	using latt=1.0 and long=1.0
	from Clewiston (d=0.94)
2010-02-25 14:58:27.719270: Interpolated Fort Pierce 2008076
	using latt=1.0 and long=1.0
	from Clewiston (d=0.94)
2010-02-25 14:58:27.719932: Interpolated Fort Pierce 2008089
	using latt=1.0 and long=1.0
	from Belle Glade (d=0.79) Kenansville (d=0.84) Clewiston (d=0.94)
2010-02-25 14:58:27.720155: Interpolated Fort Pierce 2008090
	using latt=1.0 and long=1.0
	from Belle Glade (d=0.79) Kenansville (d=0.84) Clewiston (d=0.94)
2010-02-25 14:58:27.720375: Interpolated Fort Pierce 2008091
	using latt=1.0 and long=1.0
	from Belle Glade (d=0.79) Kenansville (d=0.84) Clewiston (d=0.94)
2010-02-25 14:58:27.720596: Interpolated Fort Pierce 2008092
	using latt=1.0 and long=1.0
	from Belle Glade (d=0.79) Kenansville (d=0.84) Clewiston (d=0.94)
2010-02-25 14:58:27.720819: Interpolated Fort Pierce 2008093
	using latt=1.0 and long=1.0
	from Belle Glade (d=0.79) Kenansville (d=0.84) Clewiston (d=0.94)
2010-02-25 14:58:27.721039: Interpolated Fort Pierce 2008094
	using latt=1.0 and long=1.0
	from Belle Glade (d=0.79) Kenansville (d=0.84) Clewiston (d=0.94)
2010-02-25 14:58:27.721260: Interpolated Fort Pierce 2008095
	using latt=1.0 and long=1.0
	from Belle Glade (d=0.79) Kenansville (d=0.84) Clewiston (d=0.94)
2010-02-25 14:58:27.721478: Interpolated Fort Pierce 2008096
	using latt=1.0 and long=1.0
	from Belle Glade (d=0.79) Kenansville (d=0.84) Clewiston (d=0.94)
2010-02-25 14:58:27.721702: Interpolated Fort Pierce 2008097
	using latt=1.0 and long=1.0
	from Belle Glade (d=0.79) Kenansville (d=0.84) Clewiston (d=0.94)
2010-02-25 14:58:27.721921: Interpolated Fort Pierce 2008098
	using latt=1.0 and long=1.0
	from Belle Glade (d=0.79) Kenansville (d=0.84) Clewiston (d=0.94)
2010-02-25 14:58:27.722143: Interpolated Fort Pierce 2008099
	using latt=1.0 and long=1.0
	from Belle Glade (d=0.79) Kenansville (d=0.84) Clewiston (d=0.94)
2010-02-25 14:58:27.736605: Interpolated Frostproof 2006029
	using latt=1.0 and long=1.0
	from Sebring (d=0.36) Lake Alfred (d=0.38) Kenansville (d=0.53)
2010-02-25 14:58:27.736869: Interpolated Frostproof 2006030
	using latt=1.0 and long=1.0
	from Sebring (d=0.36) Lake Alfred (d=0.38) Kenansville (d=0.53)
2010-02-25 14:58:27.737129: Interpolated Frostproof 2006031
	using latt=1.0 and long=1.0
	from Sebring (d=0.36) Lake Alfred (d=0.38) Kenansville (d=0.53)
2010-02-25 14:58:27.737387: Interpolated Frostproof 2006032
	using latt=1.0 and long=1.0
	from Sebring (d=0.36) Lake Alfred (d=0.38) Kenansville (d=0.53)
2010-02-25 14:58:27.768820: Interpolated Frostproof 2008190
	using latt=1.0 and long=1.0
	from Sebring (d=0.36) Lake Alfred (d=0.38) Kenansville (d=0.53)
2010-02-25 14:58:27.820456: Interpolated Hastings 2002283
	using latt=1.0 and long=1.0
	from Pierson (d=0.47) Putnam Hall (d=0.53) Citra (d=0.77)
2010-02-25 14:58:27.890669: Interpolated Hastings 2008089
	using latt=1.0 and long=1.0
	from Pierson (d=0.47) Putnam Hall (d=0.53) Citra (d=0.77)
2010-02-25 14:58:27.890913: Interpolated Hastings 2008090
	using latt=1.0 and long=1.0
	from Pierson (d=0.47) Putnam Hall (d=0.53) Citra (d=0.77)
2010-02-25 14:58:27.891154: Interpolated Hastings 2008091
	using latt=1.0 and long=1.0
	from Pierson (d=0.47) Putnam Hall (d=0.53) Citra (d=0.77)
2010-02-25 14:58:27.891395: Interpolated Hastings 2008092
	using latt=1.0 and long=1.0
	from Pierson (d=0.47) Putnam Hall (d=0.53) Citra (d=0.77)
2010-02-25 14:58:27.891633: Interpolated Hastings 2008093
	using latt=1.0 and long=1.0
	from Pierson (d=0.47) Putnam Hall (d=0.53) Citra (d=0.77)
2010-02-25 14:58:27.891872: Interpolated Hastings 2008094
	using latt=1.0 and long=1.0
	from Pierson (d=0.47) Putnam Hall (d=0.53) Citra (d=0.77)
2010-02-25 14:58:27.892110: Interpolated Hastings 2008095
	using latt=1.0 and long=1.0
	from Pierson (d=0.47) Putnam Hall (d=0.53) Citra (d=0.77)
2010-02-25 14:58:27.892349: Interpolated Hastings 2008096
	using latt=1.0 and long=1.0
	from Pierson (d=0.47) Putnam Hall (d=0.53) Citra (d=0.77)
2010-02-25 14:58:27.892592: Interpolated Hastings 2008097
	using latt=1.0 and long=1.0
	from Pierson (d=0.47) Putnam Hall (d=0.53) Citra (d=0.77)
2010-02-25 14:58:27.892834: Interpolated Hastings 2008098
	using latt=1.0 and long=1.0
	from Pierson (d=0.47) Putnam Hall (d=0.53) Citra (d=0.77)
2010-02-25 14:58:27.893078: Interpolated Hastings 2008099
	using latt=1.0 and long=1.0
	from Pierson (d=0.47) Putnam Hall (d=0.53) Citra (d=0.77)
2010-02-25 14:58:27.913331: Interpolated Homestead 1998161
	using latt=1.0 and long=1.0
	from Immokalee (d=1.33)
2010-02-25 14:58:27.921761: Interpolated Homestead 1999032
	using latt=1.0 and long=1.0
	from Immokalee (d=1.33)
2010-02-25 14:58:27.927669: Interpolated Homestead 1999196
	using latt=1.0 and long=1.0
	from Immokalee (d=1.33)
2010-02-25 14:58:27.927839: Interpolated Homestead 1999197
	using latt=1.0 and long=1.0
	from Immokalee (d=1.33)
2010-02-25 14:58:27.928009: Interpolated Homestead 1999198
	using latt=1.0 and long=1.0
	from Immokalee (d=1.33)
2010-02-25 14:58:27.928178: Interpolated Homestead 1999199
	using latt=1.0 and long=1.0
	from Immokalee (d=1.33)
2010-02-25 14:58:28.031380: Interpolated Homestead 2007205
	using latt=1.0 and long=1.0
	from Fort Lauderdale (d=0.63) Immokalee (d=1.33)
2010-02-25 14:58:28.031593: Interpolated Homestead 2007206
	using latt=1.0 and long=1.0
	from Fort Lauderdale (d=0.63) Immokalee (d=1.33)
2010-02-25 14:58:28.031801: Interpolated Homestead 2007207
	using latt=1.0 and long=1.0
	from Fort Lauderdale (d=0.63) Immokalee (d=1.33)
2010-02-25 14:58:28.032011: Interpolated Homestead 2007208
	using latt=1.0 and long=1.0
	from Fort Lauderdale (d=0.63) Immokalee (d=1.33)
2010-02-25 14:58:28.032219: Interpolated Homestead 2007209
	using latt=1.0 and long=1.0
	from Fort Lauderdale (d=0.63) Immokalee (d=1.33)
2010-02-25 14:58:28.032428: Interpolated Homestead 2007210
	using latt=1.0 and long=1.0
	from Fort Lauderdale (d=0.63) Immokalee (d=1.33)
2010-02-25 14:58:28.032673: Interpolated Homestead 2007212
	using latt=1.0 and long=1.0
	from Fort Lauderdale (d=0.63) Immokalee (d=1.33)
2010-02-25 14:58:28.032878: Interpolated Homestead 2007213
	using latt=1.0 and long=1.0
	from Fort Lauderdale (d=0.63) Immokalee (d=1.33)
2010-02-25 14:58:28.061422: Interpolated Immokalee 1998144
	using latt=1.0 and long=1.0
	from Ona (d=1.06) Homestead (d=1.33)
2010-02-25 14:58:28.062536: Interpolated Immokalee 1998171
	using latt=1.0 and long=1.0
	from Ona (d=1.06) Homestead (d=1.33)
2010-02-25 14:58:28.062726: Interpolated Immokalee 1998172
	using latt=1.0 and long=1.0
	from Ona (d=1.06) Homestead (d=1.33)
2010-02-25 14:58:28.064121: Interpolated Immokalee 1998206
	using latt=1.0 and long=1.0
	from Homestead (d=1.33)
2010-02-25 14:58:28.064288: Interpolated Immokalee 1998207
	using latt=1.0 and long=1.0
	from Homestead (d=1.33)
2010-02-25 14:58:28.066148: Interpolated Immokalee 1998255
	using latt=1.0 and long=1.0
	from Ona (d=1.06) Homestead (d=1.33)
2010-02-25 14:58:28.066338: Interpolated Immokalee 1998256
	using latt=1.0 and long=1.0
	from Ona (d=1.06) Homestead (d=1.33)
2010-02-25 14:58:28.067242: Interpolated Immokalee 1998277
	using latt=1.0 and long=1.0
	from Ona (d=1.06) Homestead (d=1.33)
2010-02-25 14:58:28.068632: Interpolated Immokalee 1998312
	using latt=1.0 and long=1.0
	from Ona (d=1.06) Homestead (d=1.33)
2010-02-25 14:58:28.070518: Interpolated Immokalee 1998361
	using latt=1.0 and long=1.0
	from Ona (d=1.06) Homestead (d=1.33)
2010-02-25 14:58:28.070710: Interpolated Immokalee 1998362
	using latt=1.0 and long=1.0
	from Ona (d=1.06) Homestead (d=1.33)
2010-02-25 14:58:28.078675: Interpolated Immokalee 1999219
	using latt=1.0 and long=1.0
	from Ona (d=1.06) Homestead (d=1.33)
2010-02-25 14:58:28.078873: Interpolated Immokalee 1999220
	using latt=1.0 and long=1.0
	from Ona (d=1.06) Homestead (d=1.33)
2010-02-25 14:58:28.143403: Interpolated Immokalee 2004231
	using latt=1.0 and long=1.0
	from Palmdale (d=0.46) Sebring (d=0.96) Ona (d=1.06)
2010-02-25 14:58:28.320973: Interpolated Kenansville 2005176
	using latt=1.0 and long=1.0
	from Sebring (d=0.64) Lake Alfred (d=0.67) Avalon (d=0.78)
2010-02-25 14:58:28.321229: Interpolated Kenansville 2005177
	using latt=1.0 and long=1.0
	from Sebring (d=0.64) Lake Alfred (d=0.67) Avalon (d=0.78)
2010-02-25 14:58:28.356309: Interpolated Kenansville 2008074
	using latt=1.0 and long=1.0
	from Frostproof (d=0.53) Sebring (d=0.64) Lake Alfred (d=0.67)
2010-02-25 14:58:28.356556: Interpolated Kenansville 2008075
	using latt=1.0 and long=1.0
	from Frostproof (d=0.53) Sebring (d=0.64) Lake Alfred (d=0.67)
2010-02-25 14:58:28.356805: Interpolated Kenansville 2008076
	using latt=1.0 and long=1.0
	from Frostproof (d=0.53) Sebring (d=0.64) Lake Alfred (d=0.67)
2010-02-25 14:58:28.376728: Interpolated Lake Alfred 1998130
	using latt=1.0 and long=1.0
	from Dover (d=0.52) Apopka (d=0.56) Ona (d=0.74)
2010-02-25 14:58:28.379195: Interpolated Lake Alfred 1998195
	using latt=1.0 and long=1.0
	from Dover (d=0.52) Apopka (d=0.56) Ona (d=0.74)
2010-02-25 14:58:28.379402: Interpolated Lake Alfred 1998196
	using latt=1.0 and long=1.0
	from Dover (d=0.52) Apopka (d=0.56) Ona (d=0.74)
2010-02-25 14:58:28.379608: Interpolated Lake Alfred 1998197
	using latt=1.0 and long=1.0
	from Dover (d=0.52) Apopka (d=0.56) Ona (d=0.74)
2010-02-25 14:58:28.379819: Interpolated Lake Alfred 1998198
	using latt=1.0 and long=1.0
	from Dover (d=0.52) Apopka (d=0.56) Ona (d=0.74)
2010-02-25 14:58:28.380027: Interpolated Lake Alfred 1998199
	using latt=1.0 and long=1.0
	from Dover (d=0.52) Apopka (d=0.56) Ona (d=0.74)
2010-02-25 14:58:28.380234: Interpolated Lake Alfred 1998200
	using latt=1.0 and long=1.0
	from Dover (d=0.52) Apopka (d=0.56) Ona (d=0.74)
2010-02-25 14:58:28.392527: Interpolated Lake Alfred 1999179
	using latt=1.0 and long=1.0
	from Avalon (d=0.38) Dover (d=0.52) Apopka (d=0.56)
2010-02-25 14:58:28.403338: Interpolated Lake Alfred 2000115
	using latt=1.0 and long=1.0
	from Avalon (d=0.38) Dover (d=0.52) Apopka (d=0.56)
2010-02-25 14:58:28.422681: Interpolated Lake Alfred 2001292
	using latt=1.0 and long=1.0
	from Avalon (d=0.38) Dover (d=0.52) Apopka (d=0.56)
2010-02-25 14:58:28.422917: Interpolated Lake Alfred 2001293
	using latt=1.0 and long=1.0
	from Avalon (d=0.38) Dover (d=0.52) Apopka (d=0.56)
2010-02-25 14:58:28.423155: Interpolated Lake Alfred 2001294
	using latt=1.0 and long=1.0
	from Avalon (d=0.38) Dover (d=0.52) Apopka (d=0.56)
2010-02-25 14:58:28.423389: Interpolated Lake Alfred 2001295
	using latt=1.0 and long=1.0
	from Avalon (d=0.38) Dover (d=0.52) Apopka (d=0.56)
2010-02-25 14:58:28.436722: Interpolated Lake Alfred 2002303
	using latt=1.0 and long=1.0
	from Avalon (d=0.38) Dover (d=0.52) Apopka (d=0.56)
2010-02-25 14:58:28.437011: Interpolated Lake Alfred 2002304
	using latt=1.0 and long=1.0
	from Avalon (d=0.38) Dover (d=0.52) Apopka (d=0.56)
2010-02-25 14:58:28.460387: Interpolated Lake Alfred 2004231
	using latt=1.0 and long=1.0
	from Avalon (d=0.38) Dover (d=0.52) Okahumpka (d=0.60)
2010-02-25 14:58:28.509546: Interpolated Lake Alfred 2008165
	using latt=1.0 and long=1.0
	from Avalon (d=0.38) Frostproof (d=0.38) Dover (d=0.52)
2010-02-25 14:58:28.509816: Interpolated Lake Alfred 2008166
	using latt=1.0 and long=1.0
	from Avalon (d=0.38) Frostproof (d=0.38) Dover (d=0.52)
2010-02-25 14:58:28.510085: Interpolated Lake Alfred 2008167
	using latt=1.0 and long=1.0
	from Avalon (d=0.38) Frostproof (d=0.38) Dover (d=0.52)
2010-02-25 14:58:28.510349: Interpolated Lake Alfred 2008168
	using latt=1.0 and long=1.0
	from Avalon (d=0.38) Frostproof (d=0.38) Dover (d=0.52)
2010-02-25 14:58:28.527433: Interpolated Live Oak 2003084
	using latt=1.0 and long=1.0
	from Alachua (d=0.70) Macclenny (d=0.76) Bronson (d=0.95)
2010-02-25 14:58:28.527781: Interpolated Live Oak 2003088
	using latt=1.0 and long=1.0
	from Alachua (d=0.70) Macclenny (d=0.76) Bronson (d=0.95)
2010-02-25 14:58:28.591817: Interpolated Live Oak 2008077
	using latt=1.0 and long=1.0
	from Alachua (d=0.70) Macclenny (d=0.76) Bronson (d=0.95)
2010-02-25 14:58:28.592206: Interpolated Live Oak 2008082
	using latt=1.0 and long=1.0
	from Alachua (d=0.70) Macclenny (d=0.76) Bronson (d=0.95)
2010-02-25 14:58:28.592440: Interpolated Live Oak 2008083
	using latt=1.0 and long=1.0
	from Alachua (d=0.70) Macclenny (d=0.76) Bronson (d=0.95)
2010-02-25 14:58:28.592857: Interpolated Live Oak 2008089
	using latt=1.0 and long=1.0
	from Alachua (d=0.70) Macclenny (d=0.76) Putnam Hall (d=1.09)
2010-02-25 14:58:28.593083: Interpolated Live Oak 2008090
	using latt=1.0 and long=1.0
	from Alachua (d=0.70) Macclenny (d=0.76) Putnam Hall (d=1.09)
2010-02-25 14:58:28.594467: Interpolated Live Oak 2008123
	using latt=1.0 and long=1.0
	from Alachua (d=0.70) Macclenny (d=0.76) Bronson (d=0.95)
2010-02-25 14:58:28.594704: Interpolated Live Oak 2008124
	using latt=1.0 and long=1.0
	from Alachua (d=0.70) Macclenny (d=0.76) Bronson (d=0.95)
2010-02-25 14:58:28.594948: Interpolated Live Oak 2008125
	using latt=1.0 and long=1.0
	from Alachua (d=0.70) Macclenny (d=0.76) Bronson (d=0.95)
2010-02-25 14:58:28.596188: Interpolated Live Oak 2008154
	using latt=1.0 and long=1.0
	from Alachua (d=0.70) Macclenny (d=0.76) Bronson (d=0.95)
2010-02-25 14:58:28.596423: Interpolated Live Oak 2008155
	using latt=1.0 and long=1.0
	from Alachua (d=0.70) Macclenny (d=0.76) Bronson (d=0.95)
2010-02-25 14:58:28.596773: Interpolated Live Oak 2008159
	using latt=1.0 and long=1.0
	from Alachua (d=0.70) Macclenny (d=0.76) Bronson (d=0.95)
2010-02-25 14:58:28.597012: Interpolated Live Oak 2008160
	using latt=1.0 and long=1.0
	from Alachua (d=0.70) Macclenny (d=0.76) Bronson (d=0.95)
2010-02-25 14:58:28.597249: Interpolated Live Oak 2008161
	using latt=1.0 and long=1.0
	from Alachua (d=0.70) Macclenny (d=0.76) Bronson (d=0.95)
2010-02-25 14:58:28.597485: Interpolated Live Oak 2008162
	using latt=1.0 and long=1.0
	from Alachua (d=0.70) Macclenny (d=0.76) Bronson (d=0.95)
2010-02-25 14:58:28.597799: Interpolated Live Oak 2008165
	using latt=1.0 and long=1.0
	from Alachua (d=0.70) Macclenny (d=0.76) Bronson (d=0.95)
2010-02-25 14:58:28.598034: Interpolated Live Oak 2008166
	using latt=1.0 and long=1.0
	from Alachua (d=0.70) Macclenny (d=0.76) Bronson (d=0.95)
2010-02-25 14:58:28.598272: Interpolated Live Oak 2008167
	using latt=1.0 and long=1.0
	from Alachua (d=0.70) Macclenny (d=0.76) Bronson (d=0.95)
2010-02-25 14:58:28.598507: Interpolated Live Oak 2008168
	using latt=1.0 and long=1.0
	from Alachua (d=0.70) Macclenny (d=0.76) Bronson (d=0.95)
2010-02-25 14:58:28.598739: Interpolated Live Oak 2008169
	using latt=1.0 and long=1.0
	from Alachua (d=0.70) Macclenny (d=0.76) Bronson (d=0.95)
2010-02-25 14:58:28.598979: Interpolated Live Oak 2008170
	using latt=1.0 and long=1.0
	from Alachua (d=0.70) Macclenny (d=0.76) Bronson (d=0.95)
2010-02-25 14:58:28.878206: Interpolated Ocklawaha 1999078
	using latt=1.0 and long=1.0
	from Okahumpka (d=0.34) Pierson (d=0.55) Avalon (d=0.63)
2010-02-25 14:58:28.878431: Interpolated Ocklawaha 1999079
	using latt=1.0 and long=1.0
	from Okahumpka (d=0.34) Pierson (d=0.55) Avalon (d=0.63)
2010-02-25 14:58:28.878649: Interpolated Ocklawaha 1999080
	using latt=1.0 and long=1.0
	from Okahumpka (d=0.34) Pierson (d=0.55) Avalon (d=0.63)
2010-02-25 14:58:28.924506: Interpolated Ocklawaha 2002283
	using latt=1.0 and long=1.0
	from Okahumpka (d=0.34) Umatilla (d=0.35) Citra (d=0.43)
2010-02-25 14:58:28.932146: Interpolated Ocklawaha 2003129
	using latt=1.0 and long=1.0
	from Okahumpka (d=0.34) Citra (d=0.43) Brooksville (d=0.49)
2010-02-25 14:58:28.932398: Interpolated Ocklawaha 2003130
	using latt=1.0 and long=1.0
	from Okahumpka (d=0.34) Citra (d=0.43) Brooksville (d=0.49)
2010-02-25 14:58:28.932647: Interpolated Ocklawaha 2003131
	using latt=1.0 and long=1.0
	from Okahumpka (d=0.34) Citra (d=0.43) Brooksville (d=0.49)
2010-02-25 14:58:28.932894: Interpolated Ocklawaha 2003132
	using latt=1.0 and long=1.0
	from Okahumpka (d=0.34) Citra (d=0.43) Brooksville (d=0.49)
2010-02-25 14:58:28.968656: Interpolated Ocklawaha 2006049
	using latt=1.0 and long=1.0
	from Okahumpka (d=0.34) Umatilla (d=0.35) Citra (d=0.43)
2010-02-25 14:58:28.968920: Interpolated Ocklawaha 2006050
	using latt=1.0 and long=1.0
	from Okahumpka (d=0.34) Umatilla (d=0.35) Citra (d=0.43)
2010-02-25 14:58:28.974548: Interpolated Ocklawaha 2006203
	using latt=1.0 and long=1.0
	from Okahumpka (d=0.34) Umatilla (d=0.35) Citra (d=0.43)
2010-02-25 14:58:28.974812: Interpolated Ocklawaha 2006204
	using latt=1.0 and long=1.0
	from Okahumpka (d=0.34) Umatilla (d=0.35) Citra (d=0.43)
2010-02-25 14:58:29.035849: Interpolated Okahumpka 2000366
	using latt=1.0 and long=1.0
	from Avalon (d=0.32) Apopka (d=0.33) Ocklawaha (d=0.34)
2010-02-25 14:58:29.036095: Interpolated Okahumpka 2001001
	using latt=1.0 and long=1.0
	from Avalon (d=0.32) Apopka (d=0.33) Ocklawaha (d=0.34)
2010-02-25 14:58:29.036331: Interpolated Okahumpka 2001002
	using latt=1.0 and long=1.0
	from Avalon (d=0.32) Apopka (d=0.33) Ocklawaha (d=0.34)
2010-02-25 14:58:29.059460: Interpolated Okahumpka 2002288
	using latt=1.0 and long=1.0
	from Avalon (d=0.32) Apopka (d=0.33) Ocklawaha (d=0.34)
2010-02-25 14:58:29.059709: Interpolated Okahumpka 2002289
	using latt=1.0 and long=1.0
	from Avalon (d=0.32) Apopka (d=0.33) Ocklawaha (d=0.34)
2010-02-25 14:58:29.059961: Interpolated Okahumpka 2002290
	using latt=1.0 and long=1.0
	from Avalon (d=0.32) Apopka (d=0.33) Ocklawaha (d=0.34)
2010-02-25 14:58:29.060208: Interpolated Okahumpka 2002291
	using latt=1.0 and long=1.0
	from Avalon (d=0.32) Apopka (d=0.33) Ocklawaha (d=0.34)
2010-02-25 14:58:29.060454: Interpolated Okahumpka 2002292
	using latt=1.0 and long=1.0
	from Avalon (d=0.32) Apopka (d=0.33) Ocklawaha (d=0.34)
2010-02-25 14:58:29.060698: Interpolated Okahumpka 2002293
	using latt=1.0 and long=1.0
	from Avalon (d=0.32) Apopka (d=0.33) Ocklawaha (d=0.34)
2010-02-25 14:58:29.060944: Interpolated Okahumpka 2002294
	using latt=1.0 and long=1.0
	from Avalon (d=0.32) Apopka (d=0.33) Ocklawaha (d=0.34)
2010-02-25 14:58:29.061203: Interpolated Okahumpka 2002295
	using latt=1.0 and long=1.0
	from Avalon (d=0.32) Apopka (d=0.33) Ocklawaha (d=0.34)
2010-02-25 14:58:29.150040: Interpolated Ona 1998203
	using latt=1.0 and long=1.0
	from Lake Alfred (d=0.74) Immokalee (d=1.06)
2010-02-25 14:58:29.150230: Interpolated Ona 1998204
	using latt=1.0 and long=1.0
	from Lake Alfred (d=0.74) Immokalee (d=1.06)
2010-02-25 14:58:29.150415: Interpolated Ona 1998205
	using latt=1.0 and long=1.0
	from Lake Alfred (d=0.74) Immokalee (d=1.06)
2010-02-25 14:58:29.150590: Interpolated Ona 1998206
	using latt=1.0 and long=1.0
	from Lake Alfred (d=0.74)
2010-02-25 14:58:29.150757: Interpolated Ona 1998207
	using latt=1.0 and long=1.0
	from Lake Alfred (d=0.74)
2010-02-25 14:58:29.275213: Interpolated Ona 2008089
	using latt=1.0 and long=1.0
	from North Port (d=0.35) Sebring (d=0.53) Frostproof (d=0.53)
2010-02-25 14:58:29.275524: Interpolated Ona 2008090
	using latt=1.0 and long=1.0
	from North Port (d=0.35) Sebring (d=0.53) Frostproof (d=0.53)
2010-02-25 14:58:29.275769: Interpolated Ona 2008091
	using latt=1.0 and long=1.0
	from North Port (d=0.35) Sebring (d=0.53) Frostproof (d=0.53)
2010-02-25 14:58:29.276012: Interpolated Ona 2008092
	using latt=1.0 and long=1.0
	from North Port (d=0.35) Sebring (d=0.53) Frostproof (d=0.53)
2010-02-25 14:58:29.276257: Interpolated Ona 2008093
	using latt=1.0 and long=1.0
	from North Port (d=0.35) Sebring (d=0.53) Frostproof (d=0.53)
2010-02-25 14:58:29.276502: Interpolated Ona 2008094
	using latt=1.0 and long=1.0
	from North Port (d=0.35) Sebring (d=0.53) Frostproof (d=0.53)
2010-02-25 14:58:29.276746: Interpolated Ona 2008095
	using latt=1.0 and long=1.0
	from North Port (d=0.35) Sebring (d=0.53) Frostproof (d=0.53)
2010-02-25 14:58:29.276990: Interpolated Ona 2008096
	using latt=1.0 and long=1.0
	from North Port (d=0.35) Sebring (d=0.53) Frostproof (d=0.53)
2010-02-25 14:58:29.277235: Interpolated Ona 2008097
	using latt=1.0 and long=1.0
	from North Port (d=0.35) Sebring (d=0.53) Frostproof (d=0.53)
2010-02-25 14:58:29.277479: Interpolated Ona 2008098
	using latt=1.0 and long=1.0
	from North Port (d=0.35) Sebring (d=0.53) Frostproof (d=0.53)
2010-02-25 14:58:29.277726: Interpolated Ona 2008099
	using latt=1.0 and long=1.0
	from North Port (d=0.35) Sebring (d=0.53) Frostproof (d=0.53)
2010-02-25 14:58:29.369551: Interpolated Pierson 1998279
	using latt=1.0 and long=1.0
	from Apopka (d=0.58)
2010-02-25 14:58:29.369724: Interpolated Pierson 1998280
	using latt=1.0 and long=1.0
	from Apopka (d=0.58)
2010-02-25 14:58:29.369893: Interpolated Pierson 1998281
	using latt=1.0 and long=1.0
	from Apopka (d=0.58)
2010-02-25 14:58:29.371571: Interpolated Pierson 1998320
	using latt=1.0 and long=1.0
	from Apopka (d=0.58)
2010-02-25 14:58:29.371740: Interpolated Pierson 1998321
	using latt=1.0 and long=1.0
	from Apopka (d=0.58)
2010-02-25 14:58:29.371909: Interpolated Pierson 1998322
	using latt=1.0 and long=1.0
	from Apopka (d=0.58)
2010-02-25 14:58:29.429563: Interpolated Pierson 2003129
	using latt=1.0 and long=1.0
	from Hastings (d=0.47) Apopka (d=0.58) Okahumpka (d=0.69)
2010-02-25 14:58:29.429807: Interpolated Pierson 2003130
	using latt=1.0 and long=1.0
	from Hastings (d=0.47) Apopka (d=0.58) Okahumpka (d=0.69)
2010-02-25 14:58:29.430048: Interpolated Pierson 2003131
	using latt=1.0 and long=1.0
	from Hastings (d=0.47) Apopka (d=0.58) Okahumpka (d=0.69)
2010-02-25 14:58:29.430287: Interpolated Pierson 2003132
	using latt=1.0 and long=1.0
	from Hastings (d=0.47) Apopka (d=0.58) Okahumpka (d=0.69)
2010-02-25 14:58:29.430616: Interpolated Pierson 2003135
	using latt=1.0 and long=1.0
	from Umatilla (d=0.35) Hastings (d=0.47) Ocklawaha (d=0.55)
2010-02-25 14:58:29.430866: Interpolated Pierson 2003136
	using latt=1.0 and long=1.0
	from Umatilla (d=0.35) Hastings (d=0.47) Ocklawaha (d=0.55)
2010-02-25 14:58:29.431114: Interpolated Pierson 2003137
	using latt=1.0 and long=1.0
	from Umatilla (d=0.35) Hastings (d=0.47) Ocklawaha (d=0.55)
2010-02-25 14:58:29.431365: Interpolated Pierson 2003138
	using latt=1.0 and long=1.0
	from Umatilla (d=0.35) Hastings (d=0.47) Ocklawaha (d=0.55)
2010-02-25 14:58:29.526691: Interpolated Putnam Hall 2002209
	using latt=1.0 and long=1.0
	from Citra (d=0.34) Alachua (d=0.43) Hastings (d=0.53)
2010-02-25 14:58:29.526926: Interpolated Putnam Hall 2002210
	using latt=1.0 and long=1.0
	from Citra (d=0.34) Alachua (d=0.43) Hastings (d=0.53)
2010-02-25 14:58:29.527153: Interpolated Putnam Hall 2002211
	using latt=1.0 and long=1.0
	from Citra (d=0.34) Alachua (d=0.43) Hastings (d=0.53)
2010-02-25 14:58:29.527382: Interpolated Putnam Hall 2002212
	using latt=1.0 and long=1.0
	from Citra (d=0.34) Alachua (d=0.43) Hastings (d=0.53)
2010-02-25 14:58:29.527610: Interpolated Putnam Hall 2002213
	using latt=1.0 and long=1.0
	from Citra (d=0.34) Alachua (d=0.43) Hastings (d=0.53)
2010-02-25 14:58:29.527839: Interpolated Putnam Hall 2002214
	using latt=1.0 and long=1.0
	from Citra (d=0.34) Alachua (d=0.43) Hastings (d=0.53)
2010-02-25 14:58:29.528115: Interpolated Putnam Hall 2002215
	using latt=1.0 and long=1.0
	from Citra (d=0.34) Alachua (d=0.43) Hastings (d=0.53)
2010-02-25 14:58:29.528344: Interpolated Putnam Hall 2002216
	using latt=1.0 and long=1.0
	from Citra (d=0.34) Alachua (d=0.43) Hastings (d=0.53)
2010-02-25 14:58:29.528571: Interpolated Putnam Hall 2002217
	using latt=1.0 and long=1.0
	from Citra (d=0.34) Alachua (d=0.43) Hastings (d=0.53)
2010-02-25 14:58:29.528801: Interpolated Putnam Hall 2002218
	using latt=1.0 and long=1.0
	from Citra (d=0.34) Alachua (d=0.43) Hastings (d=0.53)
2010-02-25 14:58:29.529030: Interpolated Putnam Hall 2002219
	using latt=1.0 and long=1.0
	from Citra (d=0.34) Alachua (d=0.43) Hastings (d=0.53)
2010-02-25 14:58:29.529263: Interpolated Putnam Hall 2002220
	using latt=1.0 and long=1.0
	from Citra (d=0.34) Alachua (d=0.43) Hastings (d=0.53)
2010-02-25 14:58:29.529492: Interpolated Putnam Hall 2002221
	using latt=1.0 and long=1.0
	from Citra (d=0.34) Alachua (d=0.43) Hastings (d=0.53)
2010-02-25 14:58:29.529720: Interpolated Putnam Hall 2002222
	using latt=1.0 and long=1.0
	from Citra (d=0.34) Alachua (d=0.43) Hastings (d=0.53)
2010-02-25 14:58:29.529948: Interpolated Putnam Hall 2002223
	using latt=1.0 and long=1.0
	from Citra (d=0.34) Alachua (d=0.43) Hastings (d=0.53)
2010-02-25 14:58:29.530177: Interpolated Putnam Hall 2002224
	using latt=1.0 and long=1.0
	from Citra (d=0.34) Alachua (d=0.43) Hastings (d=0.53)
2010-02-25 14:58:29.530403: Interpolated Putnam Hall 2002225
	using latt=1.0 and long=1.0
	from Citra (d=0.34) Alachua (d=0.43) Hastings (d=0.53)
2010-02-25 14:58:29.530632: Interpolated Putnam Hall 2002226
	using latt=1.0 and long=1.0
	from Citra (d=0.34) Alachua (d=0.43) Hastings (d=0.53)
2010-02-25 14:58:29.530860: Interpolated Putnam Hall 2002227
	using latt=1.0 and long=1.0
	from Citra (d=0.34) Alachua (d=0.43) Hastings (d=0.53)
2010-02-25 14:58:29.531089: Interpolated Putnam Hall 2002228
	using latt=1.0 and long=1.0
	from Citra (d=0.34) Alachua (d=0.43) Hastings (d=0.53)
2010-02-25 14:58:29.531317: Interpolated Putnam Hall 2002229
	using latt=1.0 and long=1.0
	from Citra (d=0.34) Alachua (d=0.43) Hastings (d=0.53)
2010-02-25 14:58:29.531553: Interpolated Putnam Hall 2002230
	using latt=1.0 and long=1.0
	from Citra (d=0.34) Alachua (d=0.43) Hastings (d=0.53)
2010-02-25 14:58:29.531783: Interpolated Putnam Hall 2002231
	using latt=1.0 and long=1.0
	from Citra (d=0.34) Alachua (d=0.43) Hastings (d=0.53)
2010-02-25 14:58:29.532012: Interpolated Putnam Hall 2002232
	using latt=1.0 and long=1.0
	from Citra (d=0.34) Alachua (d=0.43) Hastings (d=0.53)
2010-02-25 14:58:29.532242: Interpolated Putnam Hall 2002233
	using latt=1.0 and long=1.0
	from Citra (d=0.34) Alachua (d=0.43) Hastings (d=0.53)
2010-02-25 14:58:29.532472: Interpolated Putnam Hall 2002234
	using latt=1.0 and long=1.0
	from Citra (d=0.34) Alachua (d=0.43) Hastings (d=0.53)
2010-02-25 14:58:29.532702: Interpolated Putnam Hall 2002235
	using latt=1.0 and long=1.0
	from Citra (d=0.34) Alachua (d=0.43) Hastings (d=0.53)
2010-02-25 14:58:29.532930: Interpolated Putnam Hall 2002236
	using latt=1.0 and long=1.0
	from Citra (d=0.34) Alachua (d=0.43) Hastings (d=0.53)
2010-02-25 14:58:29.533159: Interpolated Putnam Hall 2002237
	using latt=1.0 and long=1.0
	from Citra (d=0.34) Alachua (d=0.43) Hastings (d=0.53)
2010-02-25 14:58:29.533390: Interpolated Putnam Hall 2002238
	using latt=1.0 and long=1.0
	from Citra (d=0.34) Alachua (d=0.43) Hastings (d=0.53)
2010-02-25 14:58:29.533619: Interpolated Putnam Hall 2002239
	using latt=1.0 and long=1.0
	from Citra (d=0.34) Alachua (d=0.43) Hastings (d=0.53)
2010-02-25 14:58:29.533853: Interpolated Putnam Hall 2002240
	using latt=1.0 and long=1.0
	from Citra (d=0.34) Alachua (d=0.43) Hastings (d=0.53)
2010-02-25 14:58:29.534082: Interpolated Putnam Hall 2002241
	using latt=1.0 and long=1.0
	from Citra (d=0.34) Alachua (d=0.43) Hastings (d=0.53)
2010-02-25 14:58:29.534312: Interpolated Putnam Hall 2002242
	using latt=1.0 and long=1.0
	from Citra (d=0.34) Alachua (d=0.43) Hastings (d=0.53)
2010-02-25 14:58:29.534566: Interpolated Putnam Hall 2002243
	using latt=1.0 and long=1.0
	from Citra (d=0.34) Alachua (d=0.43) Hastings (d=0.53)
2010-02-25 14:58:29.534794: Interpolated Putnam Hall 2002244
	using latt=1.0 and long=1.0
	from Citra (d=0.34) Alachua (d=0.43) Hastings (d=0.53)
2010-02-25 14:58:29.535029: Interpolated Putnam Hall 2002245
	using latt=1.0 and long=1.0
	from Citra (d=0.34) Alachua (d=0.43) Hastings (d=0.53)
2010-02-25 14:58:29.535259: Interpolated Putnam Hall 2002246
	using latt=1.0 and long=1.0
	from Citra (d=0.34) Alachua (d=0.43) Hastings (d=0.53)
2010-02-25 14:58:29.535487: Interpolated Putnam Hall 2002247
	using latt=1.0 and long=1.0
	from Citra (d=0.34) Alachua (d=0.43) Hastings (d=0.53)
2010-02-25 14:58:29.535716: Interpolated Putnam Hall 2002248
	using latt=1.0 and long=1.0
	from Citra (d=0.34) Alachua (d=0.43) Hastings (d=0.53)
2010-02-25 14:58:29.535943: Interpolated Putnam Hall 2002249
	using latt=1.0 and long=1.0
	from Citra (d=0.34) Alachua (d=0.43) Hastings (d=0.53)
2010-02-25 14:58:29.536174: Interpolated Putnam Hall 2002250
	using latt=1.0 and long=1.0
	from Citra (d=0.34) Alachua (d=0.43) Hastings (d=0.53)
2010-02-25 14:58:29.536401: Interpolated Putnam Hall 2002251
	using latt=1.0 and long=1.0
	from Citra (d=0.34) Alachua (d=0.43) Hastings (d=0.53)
2010-02-25 14:58:29.536630: Interpolated Putnam Hall 2002252
	using latt=1.0 and long=1.0
	from Citra (d=0.34) Alachua (d=0.43) Hastings (d=0.53)
2010-02-25 14:58:29.536858: Interpolated Putnam Hall 2002253
	using latt=1.0 and long=1.0
	from Citra (d=0.34) Alachua (d=0.43) Hastings (d=0.53)
2010-02-25 14:58:29.537087: Interpolated Putnam Hall 2002254
	using latt=1.0 and long=1.0
	from Citra (d=0.34) Alachua (d=0.43) Hastings (d=0.53)
2010-02-25 14:58:29.537331: Interpolated Putnam Hall 2002255
	using latt=1.0 and long=1.0
	from Citra (d=0.34) Alachua (d=0.43) Hastings (d=0.53)
2010-02-25 14:58:29.537560: Interpolated Putnam Hall 2002256
	using latt=1.0 and long=1.0
	from Citra (d=0.34) Alachua (d=0.43) Hastings (d=0.53)
2010-02-25 14:58:29.537789: Interpolated Putnam Hall 2002257
	using latt=1.0 and long=1.0
	from Citra (d=0.34) Alachua (d=0.43) Hastings (d=0.53)
2010-02-25 14:58:29.538020: Interpolated Putnam Hall 2002258
	using latt=1.0 and long=1.0
	from Citra (d=0.34) Alachua (d=0.43) Hastings (d=0.53)
2010-02-25 14:58:29.538249: Interpolated Putnam Hall 2002259
	using latt=1.0 and long=1.0
	from Citra (d=0.34) Alachua (d=0.43) Hastings (d=0.53)
2010-02-25 14:58:29.538486: Interpolated Putnam Hall 2002260
	using latt=1.0 and long=1.0
	from Citra (d=0.34) Alachua (d=0.43) Hastings (d=0.53)
2010-02-25 14:58:29.538722: Interpolated Putnam Hall 2002261
	using latt=1.0 and long=1.0
	from Citra (d=0.34) Alachua (d=0.43) Hastings (d=0.53)
2010-02-25 14:58:29.538958: Interpolated Putnam Hall 2002262
	using latt=1.0 and long=1.0
	from Citra (d=0.34) Alachua (d=0.43) Hastings (d=0.53)
2010-02-25 14:58:29.539196: Interpolated Putnam Hall 2002263
	using latt=1.0 and long=1.0
	from Citra (d=0.34) Alachua (d=0.43) Hastings (d=0.53)
2010-02-25 14:58:29.539433: Interpolated Putnam Hall 2002264
	using latt=1.0 and long=1.0
	from Citra (d=0.34) Alachua (d=0.43) Hastings (d=0.53)
2010-02-25 14:58:29.539669: Interpolated Putnam Hall 2002265
	using latt=1.0 and long=1.0
	from Citra (d=0.34) Alachua (d=0.43) Hastings (d=0.53)
2010-02-25 14:58:29.564394: Interpolated Putnam Hall 2004231
	using latt=1.0 and long=1.0
	from Citra (d=0.34) Alachua (d=0.43) Hastings (d=0.53)
2010-02-25 14:58:29.593550: Interpolated Putnam Hall 2006321
	using latt=1.0 and long=1.0
	from Citra (d=0.34) Alachua (d=0.43) Hastings (d=0.53)
2010-02-25 14:58:29.593803: Interpolated Putnam Hall 2006322
	using latt=1.0 and long=1.0
	from Citra (d=0.34) Alachua (d=0.43) Hastings (d=0.53)
2010-02-25 14:58:29.594058: Interpolated Putnam Hall 2006323
	using latt=1.0 and long=1.0
	from Citra (d=0.34) Alachua (d=0.43) Hastings (d=0.53)
2010-02-25 14:58:29.594310: Interpolated Putnam Hall 2006324
	using latt=1.0 and long=1.0
	from Citra (d=0.34) Alachua (d=0.43) Hastings (d=0.53)
2010-02-25 14:58:29.594603: Interpolated Putnam Hall 2006325
	using latt=1.0 and long=1.0
	from Citra (d=0.34) Alachua (d=0.43) Hastings (d=0.53)
2010-02-25 14:58:29.594859: Interpolated Putnam Hall 2006326
	using latt=1.0 and long=1.0
	from Citra (d=0.34) Alachua (d=0.43) Hastings (d=0.53)
2010-02-25 14:58:29.595122: Interpolated Putnam Hall 2006327
	using latt=1.0 and long=1.0
	from Citra (d=0.34) Alachua (d=0.43) Hastings (d=0.53)
2010-02-25 14:58:29.595375: Interpolated Putnam Hall 2006328
	using latt=1.0 and long=1.0
	from Citra (d=0.34) Alachua (d=0.43) Hastings (d=0.53)
2010-02-25 14:58:29.595628: Interpolated Putnam Hall 2006329
	using latt=1.0 and long=1.0
	from Citra (d=0.34) Alachua (d=0.43) Hastings (d=0.53)
2010-02-25 14:58:29.595885: Interpolated Putnam Hall 2006330
	using latt=1.0 and long=1.0
	from Citra (d=0.34) Alachua (d=0.43) Hastings (d=0.53)
2010-02-25 14:58:29.596138: Interpolated Putnam Hall 2006331
	using latt=1.0 and long=1.0
	from Citra (d=0.34) Alachua (d=0.43) Hastings (d=0.53)
2010-02-25 14:58:29.601205: Interpolated Putnam Hall 2007104
	using latt=1.0 and long=1.0
	from Citra (d=0.34) Alachua (d=0.43) Hastings (d=0.53)
2010-02-25 14:58:29.601462: Interpolated Putnam Hall 2007105
	using latt=1.0 and long=1.0
	from Citra (d=0.34) Alachua (d=0.43) Hastings (d=0.53)
2010-02-25 14:58:29.651569: Interpolated Quincy 2004231
	using latt=1.0 and long=1.0
	from Monticello (d=0.68) Carrabelle (d=0.70)
2010-02-25 14:58:29.698856: Interpolated Quincy 2008089
	using latt=1.0 and long=1.0
	from Marianna (d=0.64) Monticello (d=0.68) Carrabelle (d=0.70)
2010-02-25 14:58:29.699083: Interpolated Quincy 2008090
	using latt=1.0 and long=1.0
	from Marianna (d=0.64) Monticello (d=0.68) Carrabelle (d=0.70)
2010-02-25 14:58:29.699303: Interpolated Quincy 2008091
	using latt=1.0 and long=1.0
	from Marianna (d=0.64) Monticello (d=0.68) Carrabelle (d=0.70)
2010-02-25 14:58:29.699522: Interpolated Quincy 2008092
	using latt=1.0 and long=1.0
	from Marianna (d=0.64) Monticello (d=0.68) Carrabelle (d=0.70)
2010-02-25 14:58:29.699741: Interpolated Quincy 2008093
	using latt=1.0 and long=1.0
	from Marianna (d=0.64) Monticello (d=0.68) Carrabelle (d=0.70)
2010-02-25 14:58:29.699960: Interpolated Quincy 2008094
	using latt=1.0 and long=1.0
	from Marianna (d=0.64) Monticello (d=0.68) Carrabelle (d=0.70)
2010-02-25 14:58:29.700179: Interpolated Quincy 2008095
	using latt=1.0 and long=1.0
	from Marianna (d=0.64) Monticello (d=0.68) Carrabelle (d=0.70)
2010-02-25 14:58:29.700398: Interpolated Quincy 2008096
	using latt=1.0 and long=1.0
	from Marianna (d=0.64) Monticello (d=0.68) Carrabelle (d=0.70)
2010-02-25 14:58:29.700619: Interpolated Quincy 2008097
	using latt=1.0 and long=1.0
	from Marianna (d=0.64) Monticello (d=0.68) Carrabelle (d=0.70)
2010-02-25 14:58:29.700838: Interpolated Quincy 2008098
	using latt=1.0 and long=1.0
	from Marianna (d=0.64) Monticello (d=0.68) Carrabelle (d=0.70)
2010-02-25 14:58:29.701061: Interpolated Quincy 2008099
	using latt=1.0 and long=1.0
	from Marianna (d=0.64) Monticello (d=0.68) Carrabelle (d=0.70)
2010-02-25 14:58:29.740255: Interpolated Sebring 2005107
	using latt=1.0 and long=1.0
	from Palmdale (d=0.49) Ona (d=0.53) Kenansville (d=0.64)
2010-02-25 14:58:29.793268: Interpolated Umatilla 1999078
	using latt=1.0 and long=1.0
	from Okahumpka (d=0.34) Pierson (d=0.35) Avalon (d=0.44)
2010-02-25 14:58:29.793490: Interpolated Umatilla 1999079
	using latt=1.0 and long=1.0
	from Okahumpka (d=0.34) Pierson (d=0.35) Avalon (d=0.44)
2010-02-25 14:58:29.793711: Interpolated Umatilla 1999080
	using latt=1.0 and long=1.0
	from Okahumpka (d=0.34) Pierson (d=0.35) Avalon (d=0.44)
2010-02-25 14:58:29.847149: Interpolated Umatilla 2003129
	using latt=1.0 and long=1.0
	from Apopka (d=0.28) Okahumpka (d=0.34) Avalon (d=0.44)
2010-02-25 14:58:29.847403: Interpolated Umatilla 2003130
	using latt=1.0 and long=1.0
	from Apopka (d=0.28) Okahumpka (d=0.34) Avalon (d=0.44)
2010-02-25 14:58:29.847654: Interpolated Umatilla 2003131
	using latt=1.0 and long=1.0
	from Apopka (d=0.28) Okahumpka (d=0.34) Avalon (d=0.44)
2010-02-25 14:58:29.847963: Interpolated Umatilla 2003132
	using latt=1.0 and long=1.0
	from Apopka (d=0.28) Okahumpka (d=0.34) Avalon (d=0.44)
2010-02-25 14:58:33.635599: Interpolated Fort Lauderdale 2004231
	using latt=1.0 and long=1.5
	from Immokalee (d=1.25) Palmdale (d=1.43)
2010-02-25 14:58:33.697352: Interpolated Fort Pierce 1998129
	using latt=1.0 and long=1.5
	from Immokalee (d=1.41) Lake Alfred (d=1.47)
2010-02-25 14:58:33.697546: Interpolated Fort Pierce 1998130
	using latt=1.0 and long=1.5
	from Immokalee (d=1.41) Lake Alfred (d=1.47)
2010-02-25 14:58:33.697731: Interpolated Fort Pierce 1998131
	using latt=1.0 and long=1.5
	from Immokalee (d=1.41) Lake Alfred (d=1.47)
2010-02-25 14:58:33.697917: Interpolated Fort Pierce 1998132
	using latt=1.0 and long=1.5
	from Immokalee (d=1.41) Lake Alfred (d=1.47)
2010-02-25 14:58:33.698144: Interpolated Fort Pierce 1998134
	using latt=1.0 and long=1.5
	from Immokalee (d=1.41) Lake Alfred (d=1.47)
2010-02-25 14:58:33.698331: Interpolated Fort Pierce 1998135
	using latt=1.0 and long=1.5
	from Immokalee (d=1.41) Lake Alfred (d=1.47)
2010-02-25 14:58:33.698516: Interpolated Fort Pierce 1998136
	using latt=1.0 and long=1.5
	from Immokalee (d=1.41) Lake Alfred (d=1.47)
2010-02-25 14:58:33.698702: Interpolated Fort Pierce 1998137
	using latt=1.0 and long=1.5
	from Immokalee (d=1.41) Lake Alfred (d=1.47)
2010-02-25 14:58:33.698890: Interpolated Fort Pierce 1998138
	using latt=1.0 and long=1.5
	from Immokalee (d=1.41) Lake Alfred (d=1.47)
2010-02-25 14:58:33.699076: Interpolated Fort Pierce 1998139
	using latt=1.0 and long=1.5
	from Immokalee (d=1.41) Lake Alfred (d=1.47)
2010-02-25 14:58:33.699264: Interpolated Fort Pierce 1998140
	using latt=1.0 and long=1.5
	from Immokalee (d=1.41) Lake Alfred (d=1.47)
2010-02-25 14:58:33.699449: Interpolated Fort Pierce 1998141
	using latt=1.0 and long=1.5
	from Immokalee (d=1.41) Lake Alfred (d=1.47)
2010-02-25 14:58:33.699634: Interpolated Fort Pierce 1998142
	using latt=1.0 and long=1.5
	from Immokalee (d=1.41) Lake Alfred (d=1.47)
2010-02-25 14:58:33.699820: Interpolated Fort Pierce 1998143
	using latt=1.0 and long=1.5
	from Immokalee (d=1.41) Lake Alfred (d=1.47)
2010-02-25 14:58:33.700006: Interpolated Fort Pierce 1998144
	using latt=1.0 and long=1.5
	from Immokalee (d=1.41) Lake Alfred (d=1.47)
2010-02-25 14:58:33.700191: Interpolated Fort Pierce 1998145
	using latt=1.0 and long=1.5
	from Immokalee (d=1.41) Lake Alfred (d=1.47)
2010-02-25 14:58:33.700376: Interpolated Fort Pierce 1998146
	using latt=1.0 and long=1.5
	from Immokalee (d=1.41) Lake Alfred (d=1.47)
2010-02-25 14:58:33.700561: Interpolated Fort Pierce 1998147
	using latt=1.0 and long=1.5
	from Immokalee (d=1.41) Lake Alfred (d=1.47)
2010-02-25 14:58:33.700745: Interpolated Fort Pierce 1998148
	using latt=1.0 and long=1.5
	from Immokalee (d=1.41) Lake Alfred (d=1.47)
2010-02-25 14:58:33.700930: Interpolated Fort Pierce 1998149
	using latt=1.0 and long=1.5
	from Immokalee (d=1.41) Lake Alfred (d=1.47)
2010-02-25 14:58:33.701119: Interpolated Fort Pierce 1998150
	using latt=1.0 and long=1.5
	from Immokalee (d=1.41) Lake Alfred (d=1.47)
2010-02-25 14:58:33.701308: Interpolated Fort Pierce 1998151
	using latt=1.0 and long=1.5
	from Immokalee (d=1.41) Lake Alfred (d=1.47)
2010-02-25 14:58:33.701492: Interpolated Fort Pierce 1998152
	using latt=1.0 and long=1.5
	from Immokalee (d=1.41) Lake Alfred (d=1.47)
2010-02-25 14:58:33.701675: Interpolated Fort Pierce 1998153
	using latt=1.0 and long=1.5
	from Immokalee (d=1.41) Lake Alfred (d=1.47)
2010-02-25 14:58:33.701859: Interpolated Fort Pierce 1998154
	using latt=1.0 and long=1.5
	from Immokalee (d=1.41) Lake Alfred (d=1.47)
2010-02-25 14:58:33.702042: Interpolated Fort Pierce 1998155
	using latt=1.0 and long=1.5
	from Immokalee (d=1.41) Lake Alfred (d=1.47)
2010-02-25 14:58:33.702242: Interpolated Fort Pierce 1998156
	using latt=1.0 and long=1.5
	from Immokalee (d=1.41) Lake Alfred (d=1.47)
2010-02-25 14:58:33.702429: Interpolated Fort Pierce 1998157
	using latt=1.0 and long=1.5
	from Immokalee (d=1.41) Lake Alfred (d=1.47)
2010-02-25 14:58:33.702613: Interpolated Fort Pierce 1998158
	using latt=1.0 and long=1.5
	from Immokalee (d=1.41) Lake Alfred (d=1.47)
2010-02-25 14:58:33.702799: Interpolated Fort Pierce 1998159
	using latt=1.0 and long=1.5
	from Immokalee (d=1.41) Lake Alfred (d=1.47)
2010-02-25 14:58:33.703059: Interpolated Fort Pierce 1998160
	using latt=1.0 and long=1.5
	from Immokalee (d=1.41) Lake Alfred (d=1.47)
2010-02-25 14:58:33.703248: Interpolated Fort Pierce 1998161
	using latt=1.0 and long=1.5
	from Immokalee (d=1.41) Lake Alfred (d=1.47)
2010-02-25 14:58:33.703438: Interpolated Fort Pierce 1998162
	using latt=1.0 and long=1.5
	from Immokalee (d=1.41) Lake Alfred (d=1.47)
2010-02-25 14:58:33.703626: Interpolated Fort Pierce 1998163
	using latt=1.0 and long=1.5
	from Immokalee (d=1.41) Lake Alfred (d=1.47)
2010-02-25 14:58:33.703811: Interpolated Fort Pierce 1998164
	using latt=1.0 and long=1.5
	from Immokalee (d=1.41) Lake Alfred (d=1.47)
2010-02-25 14:58:33.703997: Interpolated Fort Pierce 1998165
	using latt=1.0 and long=1.5
	from Immokalee (d=1.41) Lake Alfred (d=1.47)
2010-02-25 14:58:33.704181: Interpolated Fort Pierce 1998166
	using latt=1.0 and long=1.5
	from Immokalee (d=1.41) Lake Alfred (d=1.47)
2010-02-25 14:58:33.704365: Interpolated Fort Pierce 1998167
	using latt=1.0 and long=1.5
	from Immokalee (d=1.41) Lake Alfred (d=1.47)
2010-02-25 14:58:33.704553: Interpolated Fort Pierce 1998168
	using latt=1.0 and long=1.5
	from Immokalee (d=1.41) Lake Alfred (d=1.47)
2010-02-25 14:58:33.704741: Interpolated Fort Pierce 1998169
	using latt=1.0 and long=1.5
	from Immokalee (d=1.41) Lake Alfred (d=1.47)
2010-02-25 14:58:33.704930: Interpolated Fort Pierce 1998170
	using latt=1.0 and long=1.5
	from Immokalee (d=1.41) Lake Alfred (d=1.47)
2010-02-25 14:58:33.705120: Interpolated Fort Pierce 1998171
	using latt=1.0 and long=1.5
	from Immokalee (d=1.41) Lake Alfred (d=1.47)
2010-02-25 14:58:33.705307: Interpolated Fort Pierce 1998172
	using latt=1.0 and long=1.5
	from Immokalee (d=1.41) Lake Alfred (d=1.47)
2010-02-25 14:58:33.705497: Interpolated Fort Pierce 1998173
	using latt=1.0 and long=1.5
	from Immokalee (d=1.41) Lake Alfred (d=1.47)
2010-02-25 14:58:33.705684: Interpolated Fort Pierce 1998174
	using latt=1.0 and long=1.5
	from Immokalee (d=1.41) Lake Alfred (d=1.47)
2010-02-25 14:58:33.705949: Interpolated Fort Pierce 1998177
	using latt=1.0 and long=1.5
	from Immokalee (d=1.41) Lake Alfred (d=1.47)
2010-02-25 14:58:33.706138: Interpolated Fort Pierce 1998178
	using latt=1.0 and long=1.5
	from Immokalee (d=1.41) Lake Alfred (d=1.47)
2010-02-25 14:58:33.706328: Interpolated Fort Pierce 1998179
	using latt=1.0 and long=1.5
	from Immokalee (d=1.41) Lake Alfred (d=1.47)
2010-02-25 14:58:33.706515: Interpolated Fort Pierce 1998180
	using latt=1.0 and long=1.5
	from Immokalee (d=1.41) Lake Alfred (d=1.47)
2010-02-25 14:58:33.706700: Interpolated Fort Pierce 1998181
	using latt=1.0 and long=1.5
	from Immokalee (d=1.41) Lake Alfred (d=1.47)
2010-02-25 14:58:33.706885: Interpolated Fort Pierce 1998182
	using latt=1.0 and long=1.5
	from Immokalee (d=1.41) Lake Alfred (d=1.47)
2010-02-25 14:58:33.707231: Interpolated Fort Pierce 1998183
	using latt=1.0 and long=1.5
	from Immokalee (d=1.41) Lake Alfred (d=1.47)
2010-02-25 14:58:33.707428: Interpolated Fort Pierce 1998184
	using latt=1.0 and long=1.5
	from Immokalee (d=1.41) Lake Alfred (d=1.47)
2010-02-25 14:58:33.707613: Interpolated Fort Pierce 1998185
	using latt=1.0 and long=1.5
	from Immokalee (d=1.41) Lake Alfred (d=1.47)
2010-02-25 14:58:33.707798: Interpolated Fort Pierce 1998186
	using latt=1.0 and long=1.5
	from Immokalee (d=1.41) Lake Alfred (d=1.47)
2010-02-25 14:58:33.707984: Interpolated Fort Pierce 1998187
	using latt=1.0 and long=1.5
	from Immokalee (d=1.41) Lake Alfred (d=1.47)
2010-02-25 14:58:33.708172: Interpolated Fort Pierce 1998188
	using latt=1.0 and long=1.5
	from Immokalee (d=1.41) Lake Alfred (d=1.47)
2010-02-25 14:58:33.708357: Interpolated Fort Pierce 1998189
	using latt=1.0 and long=1.5
	from Immokalee (d=1.41) Lake Alfred (d=1.47)
2010-02-25 14:58:33.713112: Interpolated Fort Pierce 1998321
	using latt=1.0 and long=1.5
	from Immokalee (d=1.41) Lake Alfred (d=1.47)
2010-02-25 14:58:33.713302: Interpolated Fort Pierce 1998322
	using latt=1.0 and long=1.5
	from Immokalee (d=1.41) Lake Alfred (d=1.47)
2010-02-25 14:58:33.713535: Interpolated Fort Pierce 1998323
	using latt=1.0 and long=1.5
	from Immokalee (d=1.41) Lake Alfred (d=1.47)
2010-02-25 14:58:33.722902: Interpolated Fort Pierce 1999221
	using latt=1.0 and long=1.5
	from Immokalee (d=1.41) Lake Alfred (d=1.47)
2010-02-25 14:58:33.723096: Interpolated Fort Pierce 1999222
	using latt=1.0 and long=1.5
	from Immokalee (d=1.41) Lake Alfred (d=1.47)
2010-02-25 14:58:33.723288: Interpolated Fort Pierce 1999223
	using latt=1.0 and long=1.5
	from Immokalee (d=1.41) Lake Alfred (d=1.47)
2010-02-25 14:58:33.725445: Interpolated Fort Pierce 1999280
	using latt=1.0 and long=1.5
	from Immokalee (d=1.41) Lake Alfred (d=1.47)
2010-02-25 14:58:34.098678: Interpolated Homestead 2004231
	using latt=1.0 and long=1.5
	from Immokalee (d=1.33)
2010-02-25 14:58:34.802353: Interpolated Marianna 2004231
	using latt=1.0 and long=1.5
	from Quincy (d=0.64) Monticello (d=1.28)
2010-02-25 14:58:35.441709: Interpolated Pierson 1998318
	using latt=1.0 and long=1.5
	from Apopka (d=0.58)
2010-02-25 14:58:35.441887: Interpolated Pierson 1998319
	using latt=1.0 and long=1.5
	from Apopka (d=0.58)
2010-02-25 14:58:40.059446: Interpolated Jay 2004231
	using latt=1.0 and long=2.0
	from Marianna (d=1.97)
2010-02-25 14:58:40.060614: Interpolated Jay 2004259
	using latt=1.0 and long=2.0
	from Marianna (d=1.97)
2010-02-25 14:58:40.060796: Interpolated Jay 2004260
	using latt=1.0 and long=2.0
	from Marianna (d=1.97)
2010-02-25 14:58:40.060973: Interpolated Jay 2004261
	using latt=1.0 and long=2.0
	from Marianna (d=1.97)
2010-02-25 14:58:40.071908: Interpolated Jay 2005205
	using latt=1.0 and long=2.0
	from Marianna (d=1.97)
2010-02-25 14:58:40.079732: Interpolated Jay 2006061
	using latt=1.0 and long=2.0
	from Marianna (d=1.97)
2010-02-25 14:58:40.079913: Interpolated Jay 2006062
	using latt=1.0 and long=2.0
	from Marianna (d=1.97)
2010-02-25 14:58:40.080093: Interpolated Jay 2006063
	using latt=1.0 and long=2.0
	from Marianna (d=1.97)
2010-02-25 14:58:40.106472: Interpolated Jay 2008088
	using latt=1.0 and long=2.0
	from Marianna (d=1.97)
2010-02-25 14:58:40.106661: Interpolated Jay 2008089
	using latt=1.0 and long=2.0
	from Marianna (d=1.97)
2010-02-25 14:58:40.106845: Interpolated Jay 2008090
	using latt=1.0 and long=2.0
	from Marianna (d=1.97)
2010-02-25 14:58:40.107024: Interpolated Jay 2008091
	using latt=1.0 and long=2.0
	from Marianna (d=1.97)
2010-02-25 14:58:40.107204: Interpolated Jay 2008092
	using latt=1.0 and long=2.0
	from Marianna (d=1.97)
2010-02-25 14:58:40.107383: Interpolated Jay 2008093
	using latt=1.0 and long=2.0
	from Marianna (d=1.97)
2010-02-25 14:58:40.107563: Interpolated Jay 2008094
	using latt=1.0 and long=2.0
	from Marianna (d=1.97)
2010-02-25 14:58:40.107743: Interpolated Jay 2008095
	using latt=1.0 and long=2.0
	from Marianna (d=1.97)
2010-02-25 14:58:40.107922: Interpolated Jay 2008096
	using latt=1.0 and long=2.0
	from Marianna (d=1.97)
2010-02-25 14:58:40.108102: Interpolated Jay 2008097
	using latt=1.0 and long=2.0
	from Marianna (d=1.97)
2010-02-25 14:58:40.108282: Interpolated Jay 2008098
	using latt=1.0 and long=2.0
	from Marianna (d=1.97)
2010-02-25 14:58:40.108465: Interpolated Jay 2008099
	using latt=1.0 and long=2.0
	from Marianna (d=1.97)
2010-02-25 14:58:56.724974: Interpolated Hastings 2009242
	using latt=1.0 and long=1.0
	from Pierson (d=0.47) Putnam Hall (d=0.53) Citra (d=0.77)
2010-02-25 14:58:57.045006: Interpolated Immokalee 2009242
	using latt=1.0 and long=1.0
	from Palmdale (d=0.46) Clewiston (d=0.47) Belle Glade (d=0.83)
2010-02-25 14:58:57.586488: Interpolated Macclenny 2009143
	using latt=1.0 and long=1.0
	from Alachua (d=0.55) Putnam Hall (d=0.60) Live Oak (d=0.76)
2010-02-25 14:58:57.592850: Interpolated Macclenny 2009317
	using latt=1.0 and long=1.0
	from Alachua (d=0.55) Putnam Hall (d=0.60) Live Oak (d=0.76)
2010-02-25 14:58:57.593105: Interpolated Macclenny 2009318
	using latt=1.0 and long=1.0
	from Alachua (d=0.55) Putnam Hall (d=0.60) Live Oak (d=0.76)
2010-02-25 14:58:57.593355: Interpolated Macclenny 2009319
	using latt=1.0 and long=1.0
	from Alachua (d=0.55) Putnam Hall (d=0.60) Live Oak (d=0.76)
2010-02-25 14:58:57.593601: Interpolated Macclenny 2009320
	using latt=1.0 and long=1.0
	from Alachua (d=0.55) Putnam Hall (d=0.60) Live Oak (d=0.76)
2010-02-25 14:58:57.593847: Interpolated Macclenny 2009321
	using latt=1.0 and long=1.0
	from Alachua (d=0.55) Putnam Hall (d=0.60) Live Oak (d=0.76)
2010-02-25 14:58:58.258280: Interpolated Ona 2009192
	using latt=1.0 and long=1.0
	from Arcadia (d=0.20) North Port (d=0.35) Balm (d=0.45)
2010-02-25 14:58:58.258575: Interpolated Ona 2009193
	using latt=1.0 and long=1.0
	from Arcadia (d=0.20) North Port (d=0.35) Balm (d=0.45)
2010-02-25 14:58:58.956337: Interpolated Umatilla 2010006
	using latt=1.0 and long=1.0
	from Apopka (d=0.28) Okahumpka (d=0.34) Ocklawaha (d=0.35)
2010-02-25 14:59:03.334591: Interpolated Jay 2009163
	using latt=1.0 and long=2.0
	from Marianna (d=1.97)
2010-02-25 14:59:03.336547: Interpolated Jay 2009213
	using latt=1.0 and long=2.0
	from Marianna (d=1.97)
2010-02-25 14:59:03.336732: Interpolated Jay 2009214
	using latt=1.0 and long=2.0
	from Marianna (d=1.97)
2010-03-22 23:39:07.276108: Interpolated Jay 2010079
	using latt=1.0 and long=2.0
	from Marianna (d=1.97)
2010-03-22 23:39:07.276332: Interpolated Jay 2010080
	using latt=1.0 and long=2.0
	from Marianna (d=1.97)
